This file contains any messages produced by compilers while
running configure, to aid debugging if configure makes a mistake.

It was created by configure, which was
generated by GNU Autoconf 2.63.  Invocation command line was

  $ ./configure --prefix=/Users/andy/local --disable-mpi --with-fftw=/usr/local/lib

## --------- ##
## Platform. ##
## --------- ##

hostname = Andy-MacBook-Pro
uname -m = x86_64
uname -r = 16.3.0
uname -s = Darwin
uname -v = Darwin Kernel Version 16.3.0: Thu Nov 17 20:23:58 PST 2016; root:xnu-3789.31.2~1/RELEASE_X86_64

/usr/bin/uname -p = i386
/bin/uname -X     = unknown

/bin/arch              = unknown
/usr/bin/arch -k       = unknown
/usr/convex/getsysinfo = unknown
/usr/bin/hostinfo      = Mach kernel version:
	 Darwin Kernel Version 16.3.0: Thu Nov 17 20:23:58 PST 2016; root:xnu-3789.31.2~1/RELEASE_X86_64
Kernel configured for up to 8 processors.
4 processors are physically available.
8 processors are logically available.
Processor type: x86_64h (Intel x86-64h Haswell)
Processors active: 0 1 2 3 4 5 6 7
Primary memory available: 16.00 gigabytes
Default processor set: 459 tasks, 3980 threads, 8 processors
Load average: 8.60, Mach factor: 2.31
/bin/machine           = unknown
/usr/bin/oslevel       = unknown
/bin/universe          = unknown

PATH: /Library/Frameworks/Python.framework/Versions/2.7/bin
PATH: /Users/andy/libroadrunner/bin
PATH: /Users/andy/local/bin
PATH: /Users/andy/opt/bin
PATH: /usr/local/bin
PATH: /Users/andy/local/racket-bin
PATH: /Applications/Eclipse.app/Contents/MacOS
PATH: /usr/local/bin
PATH: /usr/bin
PATH: /bin
PATH: /usr/sbin
PATH: /sbin
PATH: /opt/X11/bin
PATH: /usr/local/git/bin
PATH: /Library/Frameworks/Mono.framework/Versions/Current/Commands
PATH: /Library/TeX/texbin
PATH: /Applications/Emacs.app/Contents/MacOS/bin
PATH: /Users/andy/Library/Python/2.7/bin


## ----------- ##
## Core tests. ##
## ----------- ##

configure:2173: checking for a BSD-compatible install
configure:2241: result: /usr/local/bin/ginstall -c
configure:2252: checking whether build environment is sane
configure:2312: result: yes
configure:2453: checking for a thread-safe mkdir -p
configure:2492: result: /usr/local/bin/gmkdir -p
configure:2505: checking for gawk
configure:2535: result: no
configure:2505: checking for mawk
configure:2535: result: no
configure:2505: checking for nawk
configure:2535: result: no
configure:2505: checking for awk
configure:2521: found /usr/bin/awk
configure:2532: result: awk
configure:2543: checking whether make sets $(MAKE)
configure:2565: result: yes
configure:2659: checking for style of include used by make
configure:2687: result: GNU
configure:2757: checking for gcc
configure:2784: result: gcc
configure:3016: checking for C compiler version
configure:3024: gcc --version >&5
Configured with: --prefix=/Applications/Xcode.app/Contents/Developer/usr --with-gxx-include-dir=/Applications/Xcode.app/Contents/Developer/Platforms/MacOSX.platform/Developer/SDKs/MacOSX10.12.sdk/usr/include/c++/4.2.1
Apple LLVM version 8.0.0 (clang-800.0.42.1)
Target: x86_64-apple-darwin16.3.0
Thread model: posix
InstalledDir: /Applications/Xcode.app/Contents/Developer/Toolchains/XcodeDefault.xctoolchain/usr/bin
configure:3028: $? = 0
configure:3035: gcc -v >&5
Configured with: --prefix=/Applications/Xcode.app/Contents/Developer/usr --with-gxx-include-dir=/Applications/Xcode.app/Contents/Developer/Platforms/MacOSX.platform/Developer/SDKs/MacOSX10.12.sdk/usr/include/c++/4.2.1
Apple LLVM version 8.0.0 (clang-800.0.42.1)
Target: x86_64-apple-darwin16.3.0
Thread model: posix
InstalledDir: /Applications/Xcode.app/Contents/Developer/Toolchains/XcodeDefault.xctoolchain/usr/bin
configure:3039: $? = 0
configure:3046: gcc -V >&5
clang: error: argument to '-V' is missing (expected 1 value)
clang: error: no input files
configure:3050: $? = 1
configure:3073: checking for C compiler default output file name
configure:3095: gcc   -L/usr/local/lib conftest.c -lfftw3f >&5
configure:3099: $? = 0
configure:3137: result: a.out
configure:3156: checking whether the C compiler works
configure:3166: ./a.out
configure:3170: $? = 0
configure:3189: result: yes
configure:3196: checking whether we are cross compiling
configure:3198: result: no
configure:3201: checking for suffix of executables
configure:3208: gcc -o conftest   -L/usr/local/lib conftest.c -lfftw3f >&5
configure:3212: $? = 0
configure:3238: result: 
configure:3244: checking for suffix of object files
configure:3270: gcc -c   conftest.c >&5
configure:3274: $? = 0
configure:3299: result: o
configure:3303: checking whether we are using the GNU C compiler
configure:3332: gcc -c   conftest.c >&5
configure:3339: $? = 0
configure:3356: result: yes
configure:3365: checking whether gcc accepts -g
configure:3395: gcc -c -g  conftest.c >&5
configure:3402: $? = 0
configure:3503: result: yes
configure:3520: checking for gcc option to accept ISO C89
configure:3594: gcc  -c -g -O2  conftest.c >&5
configure:3601: $? = 0
configure:3624: result: none needed
configure:3644: checking dependency style of gcc
configure:3754: result: gcc3
configure:3775: checking how to run the C preprocessor
configure:3815: gcc -E  conftest.c
configure:3822: $? = 0
configure:3853: gcc -E  conftest.c
conftest.c:10:10: fatal error: 'ac_nonexistent.h' file not found
#include <ac_nonexistent.h>
         ^
1 error generated.
configure:3860: $? = 1
configure: failed program was:
| /* confdefs.h.  */
| #define PACKAGE_NAME ""
| #define PACKAGE_TARNAME ""
| #define PACKAGE_VERSION ""
| #define PACKAGE_STRING ""
| #define PACKAGE_BUGREPORT ""
| #define PACKAGE "mdcore"
| #define VERSION "VERSION"
| /* end confdefs.h.  */
| #include <ac_nonexistent.h>
configure:3893: result: gcc -E
configure:3922: gcc -E  conftest.c
configure:3929: $? = 0
configure:3960: gcc -E  conftest.c
conftest.c:10:10: fatal error: 'ac_nonexistent.h' file not found
#include <ac_nonexistent.h>
         ^
1 error generated.
configure:3967: $? = 1
configure: failed program was:
| /* confdefs.h.  */
| #define PACKAGE_NAME ""
| #define PACKAGE_TARNAME ""
| #define PACKAGE_VERSION ""
| #define PACKAGE_STRING ""
| #define PACKAGE_BUGREPORT ""
| #define PACKAGE "mdcore"
| #define VERSION "VERSION"
| /* end confdefs.h.  */
| #include <ac_nonexistent.h>
configure:4007: checking for grep that handles long lines and -e
configure:4067: result: /usr/bin/grep
configure:4072: checking for egrep
configure:4136: result: /usr/bin/grep -E
configure:4141: checking for ANSI C header files
configure:4171: gcc -c -g -O2  conftest.c >&5
configure:4178: $? = 0
configure:4277: gcc -o conftest -g -O2  -L/usr/local/lib conftest.c -lfftw3f >&5
configure:4281: $? = 0
configure:4287: ./conftest
configure:4291: $? = 0
configure:4309: result: yes
configure:4333: checking for sys/types.h
configure:4354: gcc -c -g -O2  conftest.c >&5
configure:4361: $? = 0
configure:4378: result: yes
configure:4333: checking for sys/stat.h
configure:4354: gcc -c -g -O2  conftest.c >&5
configure:4361: $? = 0
configure:4378: result: yes
configure:4333: checking for stdlib.h
configure:4354: gcc -c -g -O2  conftest.c >&5
configure:4361: $? = 0
configure:4378: result: yes
configure:4333: checking for string.h
configure:4354: gcc -c -g -O2  conftest.c >&5
configure:4361: $? = 0
configure:4378: result: yes
configure:4333: checking for memory.h
configure:4354: gcc -c -g -O2  conftest.c >&5
configure:4361: $? = 0
configure:4378: result: yes
configure:4333: checking for strings.h
configure:4354: gcc -c -g -O2  conftest.c >&5
configure:4361: $? = 0
configure:4378: result: yes
configure:4333: checking for inttypes.h
configure:4354: gcc -c -g -O2  conftest.c >&5
configure:4361: $? = 0
configure:4378: result: yes
configure:4333: checking for stdint.h
configure:4354: gcc -c -g -O2  conftest.c >&5
configure:4361: $? = 0
configure:4378: result: yes
configure:4333: checking for unistd.h
configure:4354: gcc -c -g -O2  conftest.c >&5
configure:4361: $? = 0
configure:4378: result: yes
configure:4403: checking minix/config.h usability
configure:4420: gcc -c -g -O2  conftest.c >&5
conftest.c:53:10: fatal error: 'minix/config.h' file not found
#include <minix/config.h>
         ^
1 error generated.
configure:4427: $? = 1
configure: failed program was:
| /* confdefs.h.  */
| #define PACKAGE_NAME ""
| #define PACKAGE_TARNAME ""
| #define PACKAGE_VERSION ""
| #define PACKAGE_STRING ""
| #define PACKAGE_BUGREPORT ""
| #define PACKAGE "mdcore"
| #define VERSION "VERSION"
| #define STDC_HEADERS 1
| #define HAVE_SYS_TYPES_H 1
| #define HAVE_SYS_STAT_H 1
| #define HAVE_STDLIB_H 1
| #define HAVE_STRING_H 1
| #define HAVE_MEMORY_H 1
| #define HAVE_STRINGS_H 1
| #define HAVE_INTTYPES_H 1
| #define HAVE_STDINT_H 1
| #define HAVE_UNISTD_H 1
| /* end confdefs.h.  */
| #include <stdio.h>
| #ifdef HAVE_SYS_TYPES_H
| # include <sys/types.h>
| #endif
| #ifdef HAVE_SYS_STAT_H
| # include <sys/stat.h>
| #endif
| #ifdef STDC_HEADERS
| # include <stdlib.h>
| # include <stddef.h>
| #else
| # ifdef HAVE_STDLIB_H
| #  include <stdlib.h>
| # endif
| #endif
| #ifdef HAVE_STRING_H
| # if !defined STDC_HEADERS && defined HAVE_MEMORY_H
| #  include <memory.h>
| # endif
| # include <string.h>
| #endif
| #ifdef HAVE_STRINGS_H
| # include <strings.h>
| #endif
| #ifdef HAVE_INTTYPES_H
| # include <inttypes.h>
| #endif
| #ifdef HAVE_STDINT_H
| # include <stdint.h>
| #endif
| #ifdef HAVE_UNISTD_H
| # include <unistd.h>
| #endif
| #include <minix/config.h>
configure:4441: result: no
configure:4445: checking minix/config.h presence
configure:4460: gcc -E  conftest.c
conftest.c:20:10: fatal error: 'minix/config.h' file not found
#include <minix/config.h>
         ^
1 error generated.
configure:4467: $? = 1
configure: failed program was:
| /* confdefs.h.  */
| #define PACKAGE_NAME ""
| #define PACKAGE_TARNAME ""
| #define PACKAGE_VERSION ""
| #define PACKAGE_STRING ""
| #define PACKAGE_BUGREPORT ""
| #define PACKAGE "mdcore"
| #define VERSION "VERSION"
| #define STDC_HEADERS 1
| #define HAVE_SYS_TYPES_H 1
| #define HAVE_SYS_STAT_H 1
| #define HAVE_STDLIB_H 1
| #define HAVE_STRING_H 1
| #define HAVE_MEMORY_H 1
| #define HAVE_STRINGS_H 1
| #define HAVE_INTTYPES_H 1
| #define HAVE_STDINT_H 1
| #define HAVE_UNISTD_H 1
| /* end confdefs.h.  */
| #include <minix/config.h>
configure:4481: result: no
configure:4509: checking for minix/config.h
configure:4516: result: no
configure:4547: checking whether it is safe to define __EXTENSIONS__
configure:4575: gcc -c -g -O2  conftest.c >&5
configure:4582: $? = 0
configure:4597: result: yes
configure:4652: checking build system type
configure:4670: result: x86_64-apple-darwin16.3.0
configure:4692: checking host system type
configure:4707: result: x86_64-apple-darwin16.3.0
configure:4729: checking for a sed that does not truncate output
configure:4795: result: /usr/bin/sed
configure:4813: checking for fgrep
configure:4877: result: /usr/bin/grep -F
configure:4912: checking for ld used by gcc
configure:4979: result: /Applications/Xcode.app/Contents/Developer/Toolchains/XcodeDefault.xctoolchain/usr/bin/ld
configure:4988: checking if the linker (/Applications/Xcode.app/Contents/Developer/Toolchains/XcodeDefault.xctoolchain/usr/bin/ld) is GNU ld
configure:5003: result: no
configure:5015: checking for BSD- or MS-compatible name lister (nm)
configure:5064: result: /usr/bin/nm -B
configure:5182: checking the name lister (/usr/bin/nm -B) interface
configure:5189: gcc -c -g -O2  conftest.c >&5
configure:5192: /usr/bin/nm -B "conftest.o"
configure:5195: output
00000000000001f0 S _some_variable
configure:5202: result: BSD nm
configure:5205: checking whether ln -s works
configure:5209: result: yes
configure:5217: checking the maximum length of command line arguments
configure:5337: result: 196608
configure:5354: checking whether the shell understands some XSI constructs
configure:5364: result: yes
configure:5368: checking whether the shell understands "+="
configure:5374: result: yes
configure:5409: checking for /Applications/Xcode.app/Contents/Developer/Toolchains/XcodeDefault.xctoolchain/usr/bin/ld option to reload object files
configure:5416: result: -r
configure:5485: checking for objdump
configure:5501: found /usr/bin/objdump
configure:5512: result: objdump
configure:5544: checking how to recognize dependent libraries
configure:5740: result: pass_all
configure:5800: checking for ar
configure:5816: found /usr/bin/ar
configure:5827: result: ar
configure:5905: checking for strip
configure:5921: found /usr/bin/strip
configure:5932: result: strip
configure:6004: checking for ranlib
configure:6020: found /usr/bin/ranlib
configure:6031: result: ranlib
configure:6121: checking command to parse /usr/bin/nm -B output from gcc object
configure:6239: gcc -c -g -O2  conftest.c >&5
configure:6242: $? = 0
configure:6246: /usr/bin/nm -B conftest.o \| sed -n -e 's/^.*[	 ]\([BCDEGRST][BCDEGRST]*\)[	 ][	 ]*\([_A-Za-z][_A-Za-z0-9]*\)$/\1 \2 \2/p' \> conftest.nm
configure:6249: $? = 0
cannot find nm_test_var in conftest.nm
configure:6239: gcc -c -g -O2  conftest.c >&5
configure:6242: $? = 0
configure:6246: /usr/bin/nm -B conftest.o \| sed -n -e 's/^.*[	 ]\([BCDEGRST][BCDEGRST]*\)[	 ][	 ]*_\([_A-Za-z][_A-Za-z0-9]*\)$/\1 _\2 \2/p' \> conftest.nm
configure:6249: $? = 0
configure:6303: gcc -o conftest -g -O2  -L/usr/local/lib conftest.c conftstm.o >&5
warning: (x86_64)  could not find object file symbol for symbol _main
configure:6306: $? = 0
configure:6344: result: ok
configure:6637: checking for dsymutil
configure:6653: found /usr/bin/dsymutil
configure:6664: result: dsymutil
configure:6729: checking for nmedit
configure:6745: found /usr/bin/nmedit
configure:6756: result: nmedit
configure:6821: checking for lipo
configure:6837: found /usr/bin/lipo
configure:6848: result: lipo
configure:6913: checking for otool
configure:6929: found /usr/bin/otool
configure:6940: result: otool
configure:7005: checking for otool64
configure:7035: result: no
configure:7080: checking for -single_module linker flag
gcc -g -O2 -L/usr/local/lib -o libconftest.dylib -dynamiclib -Wl,-single_module conftest.c
configure:7107: result: yes
configure:7109: checking for -exported_symbols_list linker flag
configure:7139: gcc -o conftest -g -O2  -L/usr/local/lib -Wl,-exported_symbols_list,conftest.sym conftest.c -lfftw3f >&5
configure:7146: $? = 0
configure:7168: result: yes
configure:7209: checking for dlfcn.h
configure:7230: gcc -c -g -O2  conftest.c >&5
configure:7237: $? = 0
configure:7254: result: yes
configure:7440: checking for objdir
configure:7455: result: .libs
configure:7751: checking if gcc supports -fno-rtti -fno-exceptions
configure:7769: gcc -c -g -O2  -fno-rtti -fno-exceptions conftest.c >&5
configure:7773: $? = 0
configure:7786: result: yes
configure:7806: checking for gcc option to produce PIC
configure:8078: result: -fno-common -DPIC
configure:8090: checking if gcc PIC flag -fno-common -DPIC works
configure:8108: gcc -c -g -O2  -fno-common -DPIC -DPIC conftest.c >&5
configure:8112: $? = 0
configure:8125: result: yes
configure:8149: checking if gcc static flag -static works
configure:8177: result: no
configure:8192: checking if gcc supports -c -o file.o
configure:8213: gcc -c -g -O2  -o out/conftest2.o conftest.c >&5
configure:8217: $? = 0
configure:8239: result: yes
configure:8247: checking if gcc supports -c -o file.o
configure:8294: result: yes
configure:8327: checking whether the gcc linker (/Applications/Xcode.app/Contents/Developer/Toolchains/XcodeDefault.xctoolchain/usr/bin/ld) supports shared libraries
configure:9401: result: yes
configure:9640: checking dynamic linker characteristics
configure:10326: result: darwin16.3.0 dyld
configure:10428: checking how to hardcode library paths into programs
configure:10453: result: immediate
configure:11286: checking whether stripping libraries is possible
configure:11300: result: yes
configure:11326: checking if libtool supports shared libraries
configure:11328: result: yes
configure:11331: checking whether to build shared libraries
configure:11352: result: yes
configure:11355: checking whether to build static libraries
configure:11359: result: yes
configure:11403: checking for gcc option to accept ISO C99
configure:11562: gcc  -c -Wall -g -g -O2  conftest.c >&5
configure:11569: $? = 0
configure:11592: result: none needed
configure:11612: checking for working posix_memalign
configure:11646: gcc -o conftest -Wall -g -g -O2  -L/usr/local/lib conftest.c -lfftw3f >&5
configure:11650: $? = 0
configure:11656: ./conftest
configure:11660: $? = 0
configure:11677: result: yes
configure:11699: checking for gcc architecture flag
configure:11701: result: 
configure:11723: checking for x86 cpuid 0 output
configure:11762: gcc -o conftest -Wall -g -g -O2  -L/usr/local/lib conftest.c -lfftw3f >&5
configure:11766: $? = 0
configure:11772: ./conftest
configure:11776: $? = 0
configure:11793: result: d:756e6547:6c65746e:49656e69
configure:11809: checking for x86 cpuid 1 output
configure:11848: gcc -o conftest -Wall -g -g -O2  -L/usr/local/lib conftest.c -lfftw3f >&5
configure:11852: $? = 0
configure:11858: ./conftest
configure:11862: $? = 0
configure:11879: result: 40661:2100800:7ffafbff:bfebfbff
configure:12124: checking whether C compiler accepts -mtune=pentium2
configure:12149: gcc -c -mtune=pentium2  conftest.c >&5
configure:12156: $? = 0
configure:12172: result: yes
configure:12189: checking for gcc architecture flag
configure:12191: result: -mtune=pentium2
configure:12209: checking for x86 cpuid 0x00000001 output
configure:12248: gcc -o conftest -Wall -g -g -O2 -mtune=pentium2  -L/usr/local/lib conftest.c -lfftw3f >&5
configure:12252: $? = 0
configure:12258: ./conftest
configure:12262: $? = 0
configure:12279: result: 40661:4100800:7ffafbff:bfebfbff
configure:12291: checking whether mmx is supported
configure:12303: result: yes
configure:12306: checking whether sse is supported
configure:12318: result: yes
configure:12321: checking whether sse2 is supported
configure:12333: result: yes
configure:12336: checking whether sse3 is supported
configure:12348: result: yes
configure:12351: checking whether ssse3 is supported
configure:12363: result: yes
configure:12366: checking whether sse4.1 is supported
configure:12378: result: yes
configure:12381: checking whether sse4.2 is supported
configure:12393: result: yes
configure:12396: checking whether avx is supported
configure:12408: result: yes
configure:12417: checking whether C compiler accepts -mmmx
configure:12446: gcc -c -Wall -g -g -O2 -mtune=pentium2  -mmmx  conftest.c >&5
configure:12453: $? = 0
configure:12469: result: yes
configure:12486: checking whether C compiler accepts -msse
configure:12515: gcc -c -Wall -g -g -O2 -mtune=pentium2  -msse  conftest.c >&5
configure:12522: $? = 0
configure:12538: result: yes
configure:12555: checking whether C compiler accepts -msse2
configure:12584: gcc -c -Wall -g -g -O2 -mtune=pentium2  -msse2  conftest.c >&5
configure:12591: $? = 0
configure:12607: result: yes
configure:12624: checking whether C compiler accepts -msse3
configure:12653: gcc -c -Wall -g -g -O2 -mtune=pentium2  -msse3  conftest.c >&5
configure:12660: $? = 0
configure:12676: result: yes
configure:12693: checking whether C compiler accepts -mssse3
configure:12722: gcc -c -Wall -g -g -O2 -mtune=pentium2  -mssse3  conftest.c >&5
configure:12729: $? = 0
configure:12745: result: yes
configure:12762: checking whether C compiler accepts -msse4.1
configure:12791: gcc -c -Wall -g -g -O2 -mtune=pentium2  -msse4.1  conftest.c >&5
configure:12798: $? = 0
configure:12814: result: yes
configure:12831: checking whether C compiler accepts -msse4.2
configure:12860: gcc -c -Wall -g -g -O2 -mtune=pentium2  -msse4.2  conftest.c >&5
configure:12867: $? = 0
configure:12883: result: yes
configure:12900: checking whether C compiler accepts -mavx
configure:12929: gcc -c -Wall -g -g -O2 -mtune=pentium2  -mavx  conftest.c >&5
configure:12936: $? = 0
configure:12952: result: yes
configure:12982: checking for a BSD-compatible install
configure:13050: result: /usr/local/bin/ginstall -c
configure:13061: checking whether make sets $(MAKE)
configure:13083: result: yes
configure:13092: checking for ANSI C header files
configure:13260: result: yes
configure:13274: checking for sqrt in -lm
configure:13309: gcc -o conftest -Wall -g -g -O2 -mtune=pentium2  -L/usr/local/lib conftest.c -lm  -lfftw3f >&5
conftest.c:44:6: warning: incompatible redeclaration of library function 'sqrt' [-Wincompatible-library-redeclaration]
char sqrt ();
     ^
conftest.c:44:6: note: 'sqrt' is a builtin with type 'double (double)'
1 warning generated.
configure:13316: $? = 0
configure:13337: result: yes
configure:13551: checking for the pthreads library -lpthreads
configure:13594: gcc -o conftest -Wall -g -g -O2 -mtune=pentium2   -L/usr/local/lib conftest.c -lpthreads -lm -lfftw3f >&5
conftest.c:43:41: warning: null passed to a callee that requires a non-null argument [-Wnonnull]
                     pthread_attr_init(0); pthread_cleanup_push(0, 0);
                                       ~^
conftest.c:44:44: warning: null passed to a callee that requires a non-null argument [-Wnonnull]
                     pthread_create(0,0,0,0); pthread_cleanup_pop(0);
                                    ~      ^
conftest.c:44:44: warning: null passed to a callee that requires a non-null argument [-Wnonnull]
                     pthread_create(0,0,0,0); pthread_cleanup_pop(0);
                                        ~  ^
conftest.c:42:28: warning: variable 'th' is uninitialized when used here [-Wuninitialized]
pthread_t th; pthread_join(th, 0);
                           ^~
conftest.c:42:13: note: initialize the variable 'th' to silence this warning
pthread_t th; pthread_join(th, 0);
            ^
             = NULL
4 warnings generated.
ld: library not found for -lpthreads
clang: error: linker command failed with exit code 1 (use -v to see invocation)
configure:13601: $? = 1
configure: failed program was:
| /* confdefs.h.  */
| #define PACKAGE_NAME ""
| #define PACKAGE_TARNAME ""
| #define PACKAGE_VERSION ""
| #define PACKAGE_STRING ""
| #define PACKAGE_BUGREPORT ""
| #define PACKAGE "mdcore"
| #define VERSION "VERSION"
| #define STDC_HEADERS 1
| #define HAVE_SYS_TYPES_H 1
| #define HAVE_SYS_STAT_H 1
| #define HAVE_STDLIB_H 1
| #define HAVE_STRING_H 1
| #define HAVE_MEMORY_H 1
| #define HAVE_STRINGS_H 1
| #define HAVE_INTTYPES_H 1
| #define HAVE_STDINT_H 1
| #define HAVE_UNISTD_H 1
| #define __EXTENSIONS__ 1
| #define _ALL_SOURCE 1
| #define _GNU_SOURCE 1
| #define _POSIX_PTHREAD_SEMANTICS 1
| #define _TANDEM_SOURCE 1
| #define HAVE_DLFCN_H 1
| #define LT_OBJDIR ".libs/"
| #define HAVE_POSIX_MEMALIGN 1
| #define HAVE_MMX /**/
| #define HAVE_SSE /**/
| #define HAVE_SSE2 /**/
| #define HAVE_SSE3 /**/
| #define HAVE_SSSE3 /**/
| #define HAVE_SSE41 /**/
| #define HAVE_SSE42 1
| #define HAVE_AVX /**/
| #define STDC_HEADERS 1
| #define HAVE_LIBM 1
| /* end confdefs.h.  */
| #include <pthread.h>
| int
| main ()
| {
| pthread_t th; pthread_join(th, 0);
|                      pthread_attr_init(0); pthread_cleanup_push(0, 0);
|                      pthread_create(0,0,0,0); pthread_cleanup_pop(0);
|   ;
|   return 0;
| }
configure:13624: result: no
configure:13496: checking whether pthreads work without any flags
configure:13594: gcc -o conftest -Wall -g -g -O2 -mtune=pentium2   -L/usr/local/lib conftest.c  -lm -lfftw3f >&5
conftest.c:43:41: warning: null passed to a callee that requires a non-null argument [-Wnonnull]
                     pthread_attr_init(0); pthread_cleanup_push(0, 0);
                                       ~^
conftest.c:44:44: warning: null passed to a callee that requires a non-null argument [-Wnonnull]
                     pthread_create(0,0,0,0); pthread_cleanup_pop(0);
                                    ~      ^
conftest.c:44:44: warning: null passed to a callee that requires a non-null argument [-Wnonnull]
                     pthread_create(0,0,0,0); pthread_cleanup_pop(0);
                                        ~  ^
conftest.c:42:28: warning: variable 'th' is uninitialized when used here [-Wuninitialized]
pthread_t th; pthread_join(th, 0);
                           ^~
conftest.c:42:13: note: initialize the variable 'th' to silence this warning
pthread_t th; pthread_join(th, 0);
            ^
             = NULL
4 warnings generated.
configure:13601: $? = 0
configure:13624: result: yes
configure:13643: checking for joinable pthread attribute
configure:13668: gcc -o conftest -Wall -g -g -O2 -mtune=pentium2   -L/usr/local/lib conftest.c  -lm -lfftw3f >&5
configure:13675: $? = 0
configure:13695: result: PTHREAD_CREATE_JOINABLE
configure:13705: checking if more special flags are required for pthreads
configure:13712: result: -D_THREAD_SAFE
configure:13806: checking for minix/config.h
configure:13811: result: no
configure:13959: checking whether it is safe to define __EXTENSIONS__
configure:14009: result: yes
configure:14033: checking for pthread_setaffinity_np 
configure:14089: gcc -o conftest -Wall -g -g -O2 -mtune=pentium2 -D_THREAD_SAFE     -lm -lfftw3f conftest.c  -lm -lfftw3f >&5
ld: library not found for -lfftw3f
clang: error: linker command failed with exit code 1 (use -v to see invocation)
configure:14096: $? = 1
configure: failed program was:
| /* confdefs.h.  */
| #define PACKAGE_NAME ""
| #define PACKAGE_TARNAME ""
| #define PACKAGE_VERSION ""
| #define PACKAGE_STRING ""
| #define PACKAGE_BUGREPORT ""
| #define PACKAGE "mdcore"
| #define VERSION "VERSION"
| #define STDC_HEADERS 1
| #define HAVE_SYS_TYPES_H 1
| #define HAVE_SYS_STAT_H 1
| #define HAVE_STDLIB_H 1
| #define HAVE_STRING_H 1
| #define HAVE_MEMORY_H 1
| #define HAVE_STRINGS_H 1
| #define HAVE_INTTYPES_H 1
| #define HAVE_STDINT_H 1
| #define HAVE_UNISTD_H 1
| #define __EXTENSIONS__ 1
| #define _ALL_SOURCE 1
| #define _GNU_SOURCE 1
| #define _POSIX_PTHREAD_SEMANTICS 1
| #define _TANDEM_SOURCE 1
| #define HAVE_DLFCN_H 1
| #define LT_OBJDIR ".libs/"
| #define HAVE_POSIX_MEMALIGN 1
| #define HAVE_MMX /**/
| #define HAVE_SSE /**/
| #define HAVE_SSE2 /**/
| #define HAVE_SSE3 /**/
| #define HAVE_SSSE3 /**/
| #define HAVE_SSE41 /**/
| #define HAVE_SSE42 1
| #define HAVE_AVX /**/
| #define STDC_HEADERS 1
| #define HAVE_LIBM 1
| #define __EXTENSIONS__ 1
| #define _ALL_SOURCE 1
| #define _GNU_SOURCE 1
| #define _POSIX_PTHREAD_SEMANTICS 1
| #define _TANDEM_SOURCE 1
| /* end confdefs.h.  */
| /* Define pthread_setaffinity_np  to an innocuous variant, in case <limits.h> declares pthread_setaffinity_np .
|    For example, HP-UX 11i <limits.h> declares gettimeofday.  */
| #define pthread_setaffinity_np  innocuous_pthread_setaffinity_np
| 
| /* System header to define __stub macros and hopefully few prototypes,
|     which can conflict with char pthread_setaffinity_np  (); below.
|     Prefer <limits.h> to <assert.h> if __STDC__ is defined, since
|     <limits.h> exists even on freestanding compilers.  */
| 
| #ifdef __STDC__
| # include <limits.h>
| #else
| # include <assert.h>
| #endif
| 
| #undef pthread_setaffinity_np
| 
| /* Override any GCC internal prototype to avoid an error.
|    Use char because int might match the return type of a GCC
|    builtin and then its argument prototype would still apply.  */
| #ifdef __cplusplus
| extern "C"
| #endif
| char pthread_setaffinity_np  ();
| /* The GNU C library defines this for functions which it implements
|     to always fail with ENOSYS.  Some functions are actually named
|     something starting with __ and the normal name is an alias.  */
| #if defined __stub_pthread_setaffinity_np  || defined __stub___pthread_setaffinity_np
| choke me
| #endif
| 
| int
| main ()
| {
| return pthread_setaffinity_np  ();
|   ;
|   return 0;
| }
configure:14116: result: no
configure:14129: checking for inline
configure:14155: gcc -c -Wall -g -g -O2 -mtune=pentium2 -D_THREAD_SAFE   conftest.c >&5
conftest.c:45:21: warning: unused function 'static_foo' [-Wunused-function]
static inline foo_t static_foo () {return 0; }
                    ^
1 warning generated.
configure:14162: $? = 0
configure:14180: result: inline
configure:14199: checking whether time.h and sys/time.h may both be included
configure:14229: gcc -c -Wall -g -g -O2 -mtune=pentium2 -D_THREAD_SAFE   conftest.c >&5
configure:14236: $? = 0
configure:14251: result: yes
configure:14280: checking sys/time.h usability
configure:14297: gcc -c -Wall -g -g -O2 -mtune=pentium2 -D_THREAD_SAFE   conftest.c >&5
configure:14304: $? = 0
configure:14318: result: yes
configure:14322: checking sys/time.h presence
configure:14337: gcc -E  conftest.c
configure:14344: $? = 0
configure:14358: result: yes
configure:14386: checking for sys/time.h
configure:14395: result: yes
configure:14280: checking c_asm.h usability
configure:14297: gcc -c -Wall -g -g -O2 -mtune=pentium2 -D_THREAD_SAFE   conftest.c >&5
conftest.c:78:10: fatal error: 'c_asm.h' file not found
#include <c_asm.h>
         ^
1 error generated.
configure:14304: $? = 1
configure: failed program was:
| /* confdefs.h.  */
| #define PACKAGE_NAME ""
| #define PACKAGE_TARNAME ""
| #define PACKAGE_VERSION ""
| #define PACKAGE_STRING ""
| #define PACKAGE_BUGREPORT ""
| #define PACKAGE "mdcore"
| #define VERSION "VERSION"
| #define STDC_HEADERS 1
| #define HAVE_SYS_TYPES_H 1
| #define HAVE_SYS_STAT_H 1
| #define HAVE_STDLIB_H 1
| #define HAVE_STRING_H 1
| #define HAVE_MEMORY_H 1
| #define HAVE_STRINGS_H 1
| #define HAVE_INTTYPES_H 1
| #define HAVE_STDINT_H 1
| #define HAVE_UNISTD_H 1
| #define __EXTENSIONS__ 1
| #define _ALL_SOURCE 1
| #define _GNU_SOURCE 1
| #define _POSIX_PTHREAD_SEMANTICS 1
| #define _TANDEM_SOURCE 1
| #define HAVE_DLFCN_H 1
| #define LT_OBJDIR ".libs/"
| #define HAVE_POSIX_MEMALIGN 1
| #define HAVE_MMX /**/
| #define HAVE_SSE /**/
| #define HAVE_SSE2 /**/
| #define HAVE_SSE3 /**/
| #define HAVE_SSSE3 /**/
| #define HAVE_SSE41 /**/
| #define HAVE_SSE42 1
| #define HAVE_AVX /**/
| #define STDC_HEADERS 1
| #define HAVE_LIBM 1
| #define __EXTENSIONS__ 1
| #define _ALL_SOURCE 1
| #define _GNU_SOURCE 1
| #define _POSIX_PTHREAD_SEMANTICS 1
| #define _TANDEM_SOURCE 1
| #define TIME_WITH_SYS_TIME 1
| #define HAVE_SYS_TIME_H 1
| /* end confdefs.h.  */
| #include <stdio.h>
| #ifdef HAVE_SYS_TYPES_H
| # include <sys/types.h>
| #endif
| #ifdef HAVE_SYS_STAT_H
| # include <sys/stat.h>
| #endif
| #ifdef STDC_HEADERS
| # include <stdlib.h>
| # include <stddef.h>
| #else
| # ifdef HAVE_STDLIB_H
| #  include <stdlib.h>
| # endif
| #endif
| #ifdef HAVE_STRING_H
| # if !defined STDC_HEADERS && defined HAVE_MEMORY_H
| #  include <memory.h>
| # endif
| # include <string.h>
| #endif
| #ifdef HAVE_STRINGS_H
| # include <strings.h>
| #endif
| #ifdef HAVE_INTTYPES_H
| # include <inttypes.h>
| #endif
| #ifdef HAVE_STDINT_H
| # include <stdint.h>
| #endif
| #ifdef HAVE_UNISTD_H
| # include <unistd.h>
| #endif
| #include <c_asm.h>
configure:14318: result: no
configure:14322: checking c_asm.h presence
configure:14337: gcc -E  conftest.c
conftest.c:45:10: fatal error: 'c_asm.h' file not found
#include <c_asm.h>
         ^
1 error generated.
configure:14344: $? = 1
configure: failed program was:
| /* confdefs.h.  */
| #define PACKAGE_NAME ""
| #define PACKAGE_TARNAME ""
| #define PACKAGE_VERSION ""
| #define PACKAGE_STRING ""
| #define PACKAGE_BUGREPORT ""
| #define PACKAGE "mdcore"
| #define VERSION "VERSION"
| #define STDC_HEADERS 1
| #define HAVE_SYS_TYPES_H 1
| #define HAVE_SYS_STAT_H 1
| #define HAVE_STDLIB_H 1
| #define HAVE_STRING_H 1
| #define HAVE_MEMORY_H 1
| #define HAVE_STRINGS_H 1
| #define HAVE_INTTYPES_H 1
| #define HAVE_STDINT_H 1
| #define HAVE_UNISTD_H 1
| #define __EXTENSIONS__ 1
| #define _ALL_SOURCE 1
| #define _GNU_SOURCE 1
| #define _POSIX_PTHREAD_SEMANTICS 1
| #define _TANDEM_SOURCE 1
| #define HAVE_DLFCN_H 1
| #define LT_OBJDIR ".libs/"
| #define HAVE_POSIX_MEMALIGN 1
| #define HAVE_MMX /**/
| #define HAVE_SSE /**/
| #define HAVE_SSE2 /**/
| #define HAVE_SSE3 /**/
| #define HAVE_SSSE3 /**/
| #define HAVE_SSE41 /**/
| #define HAVE_SSE42 1
| #define HAVE_AVX /**/
| #define STDC_HEADERS 1
| #define HAVE_LIBM 1
| #define __EXTENSIONS__ 1
| #define _ALL_SOURCE 1
| #define _GNU_SOURCE 1
| #define _POSIX_PTHREAD_SEMANTICS 1
| #define _TANDEM_SOURCE 1
| #define TIME_WITH_SYS_TIME 1
| #define HAVE_SYS_TIME_H 1
| /* end confdefs.h.  */
| #include <c_asm.h>
configure:14358: result: no
configure:14386: checking for c_asm.h
configure:14395: result: no
configure:14280: checking intrinsics.h usability
configure:14297: gcc -c -Wall -g -g -O2 -mtune=pentium2 -D_THREAD_SAFE   conftest.c >&5
conftest.c:78:10: fatal error: 'intrinsics.h' file not found
#include <intrinsics.h>
         ^
1 error generated.
configure:14304: $? = 1
configure: failed program was:
| /* confdefs.h.  */
| #define PACKAGE_NAME ""
| #define PACKAGE_TARNAME ""
| #define PACKAGE_VERSION ""
| #define PACKAGE_STRING ""
| #define PACKAGE_BUGREPORT ""
| #define PACKAGE "mdcore"
| #define VERSION "VERSION"
| #define STDC_HEADERS 1
| #define HAVE_SYS_TYPES_H 1
| #define HAVE_SYS_STAT_H 1
| #define HAVE_STDLIB_H 1
| #define HAVE_STRING_H 1
| #define HAVE_MEMORY_H 1
| #define HAVE_STRINGS_H 1
| #define HAVE_INTTYPES_H 1
| #define HAVE_STDINT_H 1
| #define HAVE_UNISTD_H 1
| #define __EXTENSIONS__ 1
| #define _ALL_SOURCE 1
| #define _GNU_SOURCE 1
| #define _POSIX_PTHREAD_SEMANTICS 1
| #define _TANDEM_SOURCE 1
| #define HAVE_DLFCN_H 1
| #define LT_OBJDIR ".libs/"
| #define HAVE_POSIX_MEMALIGN 1
| #define HAVE_MMX /**/
| #define HAVE_SSE /**/
| #define HAVE_SSE2 /**/
| #define HAVE_SSE3 /**/
| #define HAVE_SSSE3 /**/
| #define HAVE_SSE41 /**/
| #define HAVE_SSE42 1
| #define HAVE_AVX /**/
| #define STDC_HEADERS 1
| #define HAVE_LIBM 1
| #define __EXTENSIONS__ 1
| #define _ALL_SOURCE 1
| #define _GNU_SOURCE 1
| #define _POSIX_PTHREAD_SEMANTICS 1
| #define _TANDEM_SOURCE 1
| #define TIME_WITH_SYS_TIME 1
| #define HAVE_SYS_TIME_H 1
| /* end confdefs.h.  */
| #include <stdio.h>
| #ifdef HAVE_SYS_TYPES_H
| # include <sys/types.h>
| #endif
| #ifdef HAVE_SYS_STAT_H
| # include <sys/stat.h>
| #endif
| #ifdef STDC_HEADERS
| # include <stdlib.h>
| # include <stddef.h>
| #else
| # ifdef HAVE_STDLIB_H
| #  include <stdlib.h>
| # endif
| #endif
| #ifdef HAVE_STRING_H
| # if !defined STDC_HEADERS && defined HAVE_MEMORY_H
| #  include <memory.h>
| # endif
| # include <string.h>
| #endif
| #ifdef HAVE_STRINGS_H
| # include <strings.h>
| #endif
| #ifdef HAVE_INTTYPES_H
| # include <inttypes.h>
| #endif
| #ifdef HAVE_STDINT_H
| # include <stdint.h>
| #endif
| #ifdef HAVE_UNISTD_H
| # include <unistd.h>
| #endif
| #include <intrinsics.h>
configure:14318: result: no
configure:14322: checking intrinsics.h presence
configure:14337: gcc -E  conftest.c
conftest.c:45:10: fatal error: 'intrinsics.h' file not found
#include <intrinsics.h>
         ^
1 error generated.
configure:14344: $? = 1
configure: failed program was:
| /* confdefs.h.  */
| #define PACKAGE_NAME ""
| #define PACKAGE_TARNAME ""
| #define PACKAGE_VERSION ""
| #define PACKAGE_STRING ""
| #define PACKAGE_BUGREPORT ""
| #define PACKAGE "mdcore"
| #define VERSION "VERSION"
| #define STDC_HEADERS 1
| #define HAVE_SYS_TYPES_H 1
| #define HAVE_SYS_STAT_H 1
| #define HAVE_STDLIB_H 1
| #define HAVE_STRING_H 1
| #define HAVE_MEMORY_H 1
| #define HAVE_STRINGS_H 1
| #define HAVE_INTTYPES_H 1
| #define HAVE_STDINT_H 1
| #define HAVE_UNISTD_H 1
| #define __EXTENSIONS__ 1
| #define _ALL_SOURCE 1
| #define _GNU_SOURCE 1
| #define _POSIX_PTHREAD_SEMANTICS 1
| #define _TANDEM_SOURCE 1
| #define HAVE_DLFCN_H 1
| #define LT_OBJDIR ".libs/"
| #define HAVE_POSIX_MEMALIGN 1
| #define HAVE_MMX /**/
| #define HAVE_SSE /**/
| #define HAVE_SSE2 /**/
| #define HAVE_SSE3 /**/
| #define HAVE_SSSE3 /**/
| #define HAVE_SSE41 /**/
| #define HAVE_SSE42 1
| #define HAVE_AVX /**/
| #define STDC_HEADERS 1
| #define HAVE_LIBM 1
| #define __EXTENSIONS__ 1
| #define _ALL_SOURCE 1
| #define _GNU_SOURCE 1
| #define _POSIX_PTHREAD_SEMANTICS 1
| #define _TANDEM_SOURCE 1
| #define TIME_WITH_SYS_TIME 1
| #define HAVE_SYS_TIME_H 1
| /* end confdefs.h.  */
| #include <intrinsics.h>
configure:14358: result: no
configure:14386: checking for intrinsics.h
configure:14395: result: no
configure:14280: checking mach/mach_time.h usability
configure:14297: gcc -c -Wall -g -g -O2 -mtune=pentium2 -D_THREAD_SAFE   conftest.c >&5
configure:14304: $? = 0
configure:14318: result: yes
configure:14322: checking mach/mach_time.h presence
configure:14337: gcc -E  conftest.c
configure:14344: $? = 0
configure:14358: result: yes
configure:14386: checking for mach/mach_time.h
configure:14395: result: yes
configure:14411: checking for hrtime_t
configure:14442: gcc -c -Wall -g -g -O2 -mtune=pentium2 -D_THREAD_SAFE   conftest.c >&5
conftest.c:53:13: error: use of undeclared identifier 'hrtime_t'; did you mean 'gmtime_r'?
if (sizeof (hrtime_t))
            ^~~~~~~~
            gmtime_r
/Applications/Xcode.app/Contents/Developer/Platforms/MacOSX.platform/Developer/SDKs/MacOSX10.12.sdk/usr/include/time.h:126:12: note: 'gmtime_r' declared here
struct tm *gmtime_r(const time_t * __restrict, struct tm * __restrict);
           ^
1 error generated.
configure:14449: $? = 1
configure: failed program was:
| /* confdefs.h.  */
| #define PACKAGE_NAME ""
| #define PACKAGE_TARNAME ""
| #define PACKAGE_VERSION ""
| #define PACKAGE_STRING ""
| #define PACKAGE_BUGREPORT ""
| #define PACKAGE "mdcore"
| #define VERSION "VERSION"
| #define STDC_HEADERS 1
| #define HAVE_SYS_TYPES_H 1
| #define HAVE_SYS_STAT_H 1
| #define HAVE_STDLIB_H 1
| #define HAVE_STRING_H 1
| #define HAVE_MEMORY_H 1
| #define HAVE_STRINGS_H 1
| #define HAVE_INTTYPES_H 1
| #define HAVE_STDINT_H 1
| #define HAVE_UNISTD_H 1
| #define __EXTENSIONS__ 1
| #define _ALL_SOURCE 1
| #define _GNU_SOURCE 1
| #define _POSIX_PTHREAD_SEMANTICS 1
| #define _TANDEM_SOURCE 1
| #define HAVE_DLFCN_H 1
| #define LT_OBJDIR ".libs/"
| #define HAVE_POSIX_MEMALIGN 1
| #define HAVE_MMX /**/
| #define HAVE_SSE /**/
| #define HAVE_SSE2 /**/
| #define HAVE_SSE3 /**/
| #define HAVE_SSSE3 /**/
| #define HAVE_SSE41 /**/
| #define HAVE_SSE42 1
| #define HAVE_AVX /**/
| #define STDC_HEADERS 1
| #define HAVE_LIBM 1
| #define __EXTENSIONS__ 1
| #define _ALL_SOURCE 1
| #define _GNU_SOURCE 1
| #define _POSIX_PTHREAD_SEMANTICS 1
| #define _TANDEM_SOURCE 1
| #define TIME_WITH_SYS_TIME 1
| #define HAVE_SYS_TIME_H 1
| #define HAVE_MACH_MACH_TIME_H 1
| /* end confdefs.h.  */
| #if HAVE_SYS_TIME_H
| #include <sys/time.h>
| #endif
| 
| int
| main ()
| {
| if (sizeof (hrtime_t))
|        return 0;
|   ;
|   return 0;
| }
configure:14509: result: no
configure:14528: checking for gethrtime
configure:14584: gcc -o conftest -Wall -g -g -O2 -mtune=pentium2 -D_THREAD_SAFE     -lm -lfftw3f conftest.c  -lm -lfftw3f >&5
ld: library not found for -lfftw3f
clang: error: linker command failed with exit code 1 (use -v to see invocation)
configure:14591: $? = 1
configure: failed program was:
| /* confdefs.h.  */
| #define PACKAGE_NAME ""
| #define PACKAGE_TARNAME ""
| #define PACKAGE_VERSION ""
| #define PACKAGE_STRING ""
| #define PACKAGE_BUGREPORT ""
| #define PACKAGE "mdcore"
| #define VERSION "VERSION"
| #define STDC_HEADERS 1
| #define HAVE_SYS_TYPES_H 1
| #define HAVE_SYS_STAT_H 1
| #define HAVE_STDLIB_H 1
| #define HAVE_STRING_H 1
| #define HAVE_MEMORY_H 1
| #define HAVE_STRINGS_H 1
| #define HAVE_INTTYPES_H 1
| #define HAVE_STDINT_H 1
| #define HAVE_UNISTD_H 1
| #define __EXTENSIONS__ 1
| #define _ALL_SOURCE 1
| #define _GNU_SOURCE 1
| #define _POSIX_PTHREAD_SEMANTICS 1
| #define _TANDEM_SOURCE 1
| #define HAVE_DLFCN_H 1
| #define LT_OBJDIR ".libs/"
| #define HAVE_POSIX_MEMALIGN 1
| #define HAVE_MMX /**/
| #define HAVE_SSE /**/
| #define HAVE_SSE2 /**/
| #define HAVE_SSE3 /**/
| #define HAVE_SSSE3 /**/
| #define HAVE_SSE41 /**/
| #define HAVE_SSE42 1
| #define HAVE_AVX /**/
| #define STDC_HEADERS 1
| #define HAVE_LIBM 1
| #define __EXTENSIONS__ 1
| #define _ALL_SOURCE 1
| #define _GNU_SOURCE 1
| #define _POSIX_PTHREAD_SEMANTICS 1
| #define _TANDEM_SOURCE 1
| #define TIME_WITH_SYS_TIME 1
| #define HAVE_SYS_TIME_H 1
| #define HAVE_MACH_MACH_TIME_H 1
| /* end confdefs.h.  */
| /* Define gethrtime to an innocuous variant, in case <limits.h> declares gethrtime.
|    For example, HP-UX 11i <limits.h> declares gettimeofday.  */
| #define gethrtime innocuous_gethrtime
| 
| /* System header to define __stub macros and hopefully few prototypes,
|     which can conflict with char gethrtime (); below.
|     Prefer <limits.h> to <assert.h> if __STDC__ is defined, since
|     <limits.h> exists even on freestanding compilers.  */
| 
| #ifdef __STDC__
| # include <limits.h>
| #else
| # include <assert.h>
| #endif
| 
| #undef gethrtime
| 
| /* Override any GCC internal prototype to avoid an error.
|    Use char because int might match the return type of a GCC
|    builtin and then its argument prototype would still apply.  */
| #ifdef __cplusplus
| extern "C"
| #endif
| char gethrtime ();
| /* The GNU C library defines this for functions which it implements
|     to always fail with ENOSYS.  Some functions are actually named
|     something starting with __ and the normal name is an alias.  */
| #if defined __stub_gethrtime || defined __stub___gethrtime
| choke me
| #endif
| 
| int
| main ()
| {
| return gethrtime ();
|   ;
|   return 0;
| }
configure:14613: result: no
configure:14528: checking for read_real_time
configure:14584: gcc -o conftest -Wall -g -g -O2 -mtune=pentium2 -D_THREAD_SAFE     -lm -lfftw3f conftest.c  -lm -lfftw3f >&5
ld: library not found for -lfftw3f
clang: error: linker command failed with exit code 1 (use -v to see invocation)
configure:14591: $? = 1
configure: failed program was:
| /* confdefs.h.  */
| #define PACKAGE_NAME ""
| #define PACKAGE_TARNAME ""
| #define PACKAGE_VERSION ""
| #define PACKAGE_STRING ""
| #define PACKAGE_BUGREPORT ""
| #define PACKAGE "mdcore"
| #define VERSION "VERSION"
| #define STDC_HEADERS 1
| #define HAVE_SYS_TYPES_H 1
| #define HAVE_SYS_STAT_H 1
| #define HAVE_STDLIB_H 1
| #define HAVE_STRING_H 1
| #define HAVE_MEMORY_H 1
| #define HAVE_STRINGS_H 1
| #define HAVE_INTTYPES_H 1
| #define HAVE_STDINT_H 1
| #define HAVE_UNISTD_H 1
| #define __EXTENSIONS__ 1
| #define _ALL_SOURCE 1
| #define _GNU_SOURCE 1
| #define _POSIX_PTHREAD_SEMANTICS 1
| #define _TANDEM_SOURCE 1
| #define HAVE_DLFCN_H 1
| #define LT_OBJDIR ".libs/"
| #define HAVE_POSIX_MEMALIGN 1
| #define HAVE_MMX /**/
| #define HAVE_SSE /**/
| #define HAVE_SSE2 /**/
| #define HAVE_SSE3 /**/
| #define HAVE_SSSE3 /**/
| #define HAVE_SSE41 /**/
| #define HAVE_SSE42 1
| #define HAVE_AVX /**/
| #define STDC_HEADERS 1
| #define HAVE_LIBM 1
| #define __EXTENSIONS__ 1
| #define _ALL_SOURCE 1
| #define _GNU_SOURCE 1
| #define _POSIX_PTHREAD_SEMANTICS 1
| #define _TANDEM_SOURCE 1
| #define TIME_WITH_SYS_TIME 1
| #define HAVE_SYS_TIME_H 1
| #define HAVE_MACH_MACH_TIME_H 1
| /* end confdefs.h.  */
| /* Define read_real_time to an innocuous variant, in case <limits.h> declares read_real_time.
|    For example, HP-UX 11i <limits.h> declares gettimeofday.  */
| #define read_real_time innocuous_read_real_time
| 
| /* System header to define __stub macros and hopefully few prototypes,
|     which can conflict with char read_real_time (); below.
|     Prefer <limits.h> to <assert.h> if __STDC__ is defined, since
|     <limits.h> exists even on freestanding compilers.  */
| 
| #ifdef __STDC__
| # include <limits.h>
| #else
| # include <assert.h>
| #endif
| 
| #undef read_real_time
| 
| /* Override any GCC internal prototype to avoid an error.
|    Use char because int might match the return type of a GCC
|    builtin and then its argument prototype would still apply.  */
| #ifdef __cplusplus
| extern "C"
| #endif
| char read_real_time ();
| /* The GNU C library defines this for functions which it implements
|     to always fail with ENOSYS.  Some functions are actually named
|     something starting with __ and the normal name is an alias.  */
| #if defined __stub_read_real_time || defined __stub___read_real_time
| choke me
| #endif
| 
| int
| main ()
| {
| return read_real_time ();
|   ;
|   return 0;
| }
configure:14613: result: no
configure:14528: checking for time_base_to_time
configure:14584: gcc -o conftest -Wall -g -g -O2 -mtune=pentium2 -D_THREAD_SAFE     -lm -lfftw3f conftest.c  -lm -lfftw3f >&5
ld: library not found for -lfftw3f
clang: error: linker command failed with exit code 1 (use -v to see invocation)
configure:14591: $? = 1
configure: failed program was:
| /* confdefs.h.  */
| #define PACKAGE_NAME ""
| #define PACKAGE_TARNAME ""
| #define PACKAGE_VERSION ""
| #define PACKAGE_STRING ""
| #define PACKAGE_BUGREPORT ""
| #define PACKAGE "mdcore"
| #define VERSION "VERSION"
| #define STDC_HEADERS 1
| #define HAVE_SYS_TYPES_H 1
| #define HAVE_SYS_STAT_H 1
| #define HAVE_STDLIB_H 1
| #define HAVE_STRING_H 1
| #define HAVE_MEMORY_H 1
| #define HAVE_STRINGS_H 1
| #define HAVE_INTTYPES_H 1
| #define HAVE_STDINT_H 1
| #define HAVE_UNISTD_H 1
| #define __EXTENSIONS__ 1
| #define _ALL_SOURCE 1
| #define _GNU_SOURCE 1
| #define _POSIX_PTHREAD_SEMANTICS 1
| #define _TANDEM_SOURCE 1
| #define HAVE_DLFCN_H 1
| #define LT_OBJDIR ".libs/"
| #define HAVE_POSIX_MEMALIGN 1
| #define HAVE_MMX /**/
| #define HAVE_SSE /**/
| #define HAVE_SSE2 /**/
| #define HAVE_SSE3 /**/
| #define HAVE_SSSE3 /**/
| #define HAVE_SSE41 /**/
| #define HAVE_SSE42 1
| #define HAVE_AVX /**/
| #define STDC_HEADERS 1
| #define HAVE_LIBM 1
| #define __EXTENSIONS__ 1
| #define _ALL_SOURCE 1
| #define _GNU_SOURCE 1
| #define _POSIX_PTHREAD_SEMANTICS 1
| #define _TANDEM_SOURCE 1
| #define TIME_WITH_SYS_TIME 1
| #define HAVE_SYS_TIME_H 1
| #define HAVE_MACH_MACH_TIME_H 1
| /* end confdefs.h.  */
| /* Define time_base_to_time to an innocuous variant, in case <limits.h> declares time_base_to_time.
|    For example, HP-UX 11i <limits.h> declares gettimeofday.  */
| #define time_base_to_time innocuous_time_base_to_time
| 
| /* System header to define __stub macros and hopefully few prototypes,
|     which can conflict with char time_base_to_time (); below.
|     Prefer <limits.h> to <assert.h> if __STDC__ is defined, since
|     <limits.h> exists even on freestanding compilers.  */
| 
| #ifdef __STDC__
| # include <limits.h>
| #else
| # include <assert.h>
| #endif
| 
| #undef time_base_to_time
| 
| /* Override any GCC internal prototype to avoid an error.
|    Use char because int might match the return type of a GCC
|    builtin and then its argument prototype would still apply.  */
| #ifdef __cplusplus
| extern "C"
| #endif
| char time_base_to_time ();
| /* The GNU C library defines this for functions which it implements
|     to always fail with ENOSYS.  Some functions are actually named
|     something starting with __ and the normal name is an alias.  */
| #if defined __stub_time_base_to_time || defined __stub___time_base_to_time
| choke me
| #endif
| 
| int
| main ()
| {
| return time_base_to_time ();
|   ;
|   return 0;
| }
configure:14613: result: no
configure:14528: checking for clock_gettime
configure:14584: gcc -o conftest -Wall -g -g -O2 -mtune=pentium2 -D_THREAD_SAFE     -lm -lfftw3f conftest.c  -lm -lfftw3f >&5
ld: library not found for -lfftw3f
clang: error: linker command failed with exit code 1 (use -v to see invocation)
configure:14591: $? = 1
configure: failed program was:
| /* confdefs.h.  */
| #define PACKAGE_NAME ""
| #define PACKAGE_TARNAME ""
| #define PACKAGE_VERSION ""
| #define PACKAGE_STRING ""
| #define PACKAGE_BUGREPORT ""
| #define PACKAGE "mdcore"
| #define VERSION "VERSION"
| #define STDC_HEADERS 1
| #define HAVE_SYS_TYPES_H 1
| #define HAVE_SYS_STAT_H 1
| #define HAVE_STDLIB_H 1
| #define HAVE_STRING_H 1
| #define HAVE_MEMORY_H 1
| #define HAVE_STRINGS_H 1
| #define HAVE_INTTYPES_H 1
| #define HAVE_STDINT_H 1
| #define HAVE_UNISTD_H 1
| #define __EXTENSIONS__ 1
| #define _ALL_SOURCE 1
| #define _GNU_SOURCE 1
| #define _POSIX_PTHREAD_SEMANTICS 1
| #define _TANDEM_SOURCE 1
| #define HAVE_DLFCN_H 1
| #define LT_OBJDIR ".libs/"
| #define HAVE_POSIX_MEMALIGN 1
| #define HAVE_MMX /**/
| #define HAVE_SSE /**/
| #define HAVE_SSE2 /**/
| #define HAVE_SSE3 /**/
| #define HAVE_SSSE3 /**/
| #define HAVE_SSE41 /**/
| #define HAVE_SSE42 1
| #define HAVE_AVX /**/
| #define STDC_HEADERS 1
| #define HAVE_LIBM 1
| #define __EXTENSIONS__ 1
| #define _ALL_SOURCE 1
| #define _GNU_SOURCE 1
| #define _POSIX_PTHREAD_SEMANTICS 1
| #define _TANDEM_SOURCE 1
| #define TIME_WITH_SYS_TIME 1
| #define HAVE_SYS_TIME_H 1
| #define HAVE_MACH_MACH_TIME_H 1
| /* end confdefs.h.  */
| /* Define clock_gettime to an innocuous variant, in case <limits.h> declares clock_gettime.
|    For example, HP-UX 11i <limits.h> declares gettimeofday.  */
| #define clock_gettime innocuous_clock_gettime
| 
| /* System header to define __stub macros and hopefully few prototypes,
|     which can conflict with char clock_gettime (); below.
|     Prefer <limits.h> to <assert.h> if __STDC__ is defined, since
|     <limits.h> exists even on freestanding compilers.  */
| 
| #ifdef __STDC__
| # include <limits.h>
| #else
| # include <assert.h>
| #endif
| 
| #undef clock_gettime
| 
| /* Override any GCC internal prototype to avoid an error.
|    Use char because int might match the return type of a GCC
|    builtin and then its argument prototype would still apply.  */
| #ifdef __cplusplus
| extern "C"
| #endif
| char clock_gettime ();
| /* The GNU C library defines this for functions which it implements
|     to always fail with ENOSYS.  Some functions are actually named
|     something starting with __ and the normal name is an alias.  */
| #if defined __stub_clock_gettime || defined __stub___clock_gettime
| choke me
| #endif
| 
| int
| main ()
| {
| return clock_gettime ();
|   ;
|   return 0;
| }
configure:14613: result: no
configure:14528: checking for mach_absolute_time
configure:14584: gcc -o conftest -Wall -g -g -O2 -mtune=pentium2 -D_THREAD_SAFE     -lm -lfftw3f conftest.c  -lm -lfftw3f >&5
ld: library not found for -lfftw3f
clang: error: linker command failed with exit code 1 (use -v to see invocation)
configure:14591: $? = 1
configure: failed program was:
| /* confdefs.h.  */
| #define PACKAGE_NAME ""
| #define PACKAGE_TARNAME ""
| #define PACKAGE_VERSION ""
| #define PACKAGE_STRING ""
| #define PACKAGE_BUGREPORT ""
| #define PACKAGE "mdcore"
| #define VERSION "VERSION"
| #define STDC_HEADERS 1
| #define HAVE_SYS_TYPES_H 1
| #define HAVE_SYS_STAT_H 1
| #define HAVE_STDLIB_H 1
| #define HAVE_STRING_H 1
| #define HAVE_MEMORY_H 1
| #define HAVE_STRINGS_H 1
| #define HAVE_INTTYPES_H 1
| #define HAVE_STDINT_H 1
| #define HAVE_UNISTD_H 1
| #define __EXTENSIONS__ 1
| #define _ALL_SOURCE 1
| #define _GNU_SOURCE 1
| #define _POSIX_PTHREAD_SEMANTICS 1
| #define _TANDEM_SOURCE 1
| #define HAVE_DLFCN_H 1
| #define LT_OBJDIR ".libs/"
| #define HAVE_POSIX_MEMALIGN 1
| #define HAVE_MMX /**/
| #define HAVE_SSE /**/
| #define HAVE_SSE2 /**/
| #define HAVE_SSE3 /**/
| #define HAVE_SSSE3 /**/
| #define HAVE_SSE41 /**/
| #define HAVE_SSE42 1
| #define HAVE_AVX /**/
| #define STDC_HEADERS 1
| #define HAVE_LIBM 1
| #define __EXTENSIONS__ 1
| #define _ALL_SOURCE 1
| #define _GNU_SOURCE 1
| #define _POSIX_PTHREAD_SEMANTICS 1
| #define _TANDEM_SOURCE 1
| #define TIME_WITH_SYS_TIME 1
| #define HAVE_SYS_TIME_H 1
| #define HAVE_MACH_MACH_TIME_H 1
| /* end confdefs.h.  */
| /* Define mach_absolute_time to an innocuous variant, in case <limits.h> declares mach_absolute_time.
|    For example, HP-UX 11i <limits.h> declares gettimeofday.  */
| #define mach_absolute_time innocuous_mach_absolute_time
| 
| /* System header to define __stub macros and hopefully few prototypes,
|     which can conflict with char mach_absolute_time (); below.
|     Prefer <limits.h> to <assert.h> if __STDC__ is defined, since
|     <limits.h> exists even on freestanding compilers.  */
| 
| #ifdef __STDC__
| # include <limits.h>
| #else
| # include <assert.h>
| #endif
| 
| #undef mach_absolute_time
| 
| /* Override any GCC internal prototype to avoid an error.
|    Use char because int might match the return type of a GCC
|    builtin and then its argument prototype would still apply.  */
| #ifdef __cplusplus
| extern "C"
| #endif
| char mach_absolute_time ();
| /* The GNU C library defines this for functions which it implements
|     to always fail with ENOSYS.  Some functions are actually named
|     something starting with __ and the normal name is an alias.  */
| #if defined __stub_mach_absolute_time || defined __stub___mach_absolute_time
| choke me
| #endif
| 
| int
| main ()
| {
| return mach_absolute_time ();
|   ;
|   return 0;
| }
configure:14613: result: no
configure:14626: checking for _rtc intrinsic
configure:14652: gcc -o conftest -Wall -g -g -O2 -mtune=pentium2 -D_THREAD_SAFE     -lm -lfftw3f conftest.c  -lm -lfftw3f >&5
conftest.c:52:1: warning: implicit declaration of function '_rtc' is invalid in C99 [-Wimplicit-function-declaration]
_rtc()
^
1 warning generated.
ld: library not found for -lfftw3f
clang: error: linker command failed with exit code 1 (use -v to see invocation)
configure:14659: $? = 1
configure: failed program was:
| /* confdefs.h.  */
| #define PACKAGE_NAME ""
| #define PACKAGE_TARNAME ""
| #define PACKAGE_VERSION ""
| #define PACKAGE_STRING ""
| #define PACKAGE_BUGREPORT ""
| #define PACKAGE "mdcore"
| #define VERSION "VERSION"
| #define STDC_HEADERS 1
| #define HAVE_SYS_TYPES_H 1
| #define HAVE_SYS_STAT_H 1
| #define HAVE_STDLIB_H 1
| #define HAVE_STRING_H 1
| #define HAVE_MEMORY_H 1
| #define HAVE_STRINGS_H 1
| #define HAVE_INTTYPES_H 1
| #define HAVE_STDINT_H 1
| #define HAVE_UNISTD_H 1
| #define __EXTENSIONS__ 1
| #define _ALL_SOURCE 1
| #define _GNU_SOURCE 1
| #define _POSIX_PTHREAD_SEMANTICS 1
| #define _TANDEM_SOURCE 1
| #define HAVE_DLFCN_H 1
| #define LT_OBJDIR ".libs/"
| #define HAVE_POSIX_MEMALIGN 1
| #define HAVE_MMX /**/
| #define HAVE_SSE /**/
| #define HAVE_SSE2 /**/
| #define HAVE_SSE3 /**/
| #define HAVE_SSSE3 /**/
| #define HAVE_SSE41 /**/
| #define HAVE_SSE42 1
| #define HAVE_AVX /**/
| #define STDC_HEADERS 1
| #define HAVE_LIBM 1
| #define __EXTENSIONS__ 1
| #define _ALL_SOURCE 1
| #define _GNU_SOURCE 1
| #define _POSIX_PTHREAD_SEMANTICS 1
| #define _TANDEM_SOURCE 1
| #define TIME_WITH_SYS_TIME 1
| #define HAVE_SYS_TIME_H 1
| #define HAVE_MACH_MACH_TIME_H 1
| /* end confdefs.h.  */
| #ifdef HAVE_INTRINSICS_H
| #include <intrinsics.h>
| #endif
| int
| main ()
| {
| _rtc()
|   ;
|   return 0;
| }
configure:14682: result: no
configure:14689: checking for OpenMP flag of C compiler
configure:14735: gcc -o conftest -Wall -g -g -O2 -mtune=pentium2 -D_THREAD_SAFE  -fopenmp    -lm -lfftw3f conftest.c  -lm -lfftw3f >&5
clang: error: unsupported option '-fopenmp'
clang: error: unsupported option '-fopenmp'
configure:14742: $? = 1
configure: failed program was:
| /* confdefs.h.  */
| #define PACKAGE_NAME ""
| #define PACKAGE_TARNAME ""
| #define PACKAGE_VERSION ""
| #define PACKAGE_STRING ""
| #define PACKAGE_BUGREPORT ""
| #define PACKAGE "mdcore"
| #define VERSION "VERSION"
| #define STDC_HEADERS 1
| #define HAVE_SYS_TYPES_H 1
| #define HAVE_SYS_STAT_H 1
| #define HAVE_STDLIB_H 1
| #define HAVE_STRING_H 1
| #define HAVE_MEMORY_H 1
| #define HAVE_STRINGS_H 1
| #define HAVE_INTTYPES_H 1
| #define HAVE_STDINT_H 1
| #define HAVE_UNISTD_H 1
| #define __EXTENSIONS__ 1
| #define _ALL_SOURCE 1
| #define _GNU_SOURCE 1
| #define _POSIX_PTHREAD_SEMANTICS 1
| #define _TANDEM_SOURCE 1
| #define HAVE_DLFCN_H 1
| #define LT_OBJDIR ".libs/"
| #define HAVE_POSIX_MEMALIGN 1
| #define HAVE_MMX /**/
| #define HAVE_SSE /**/
| #define HAVE_SSE2 /**/
| #define HAVE_SSE3 /**/
| #define HAVE_SSSE3 /**/
| #define HAVE_SSE41 /**/
| #define HAVE_SSE42 1
| #define HAVE_AVX /**/
| #define STDC_HEADERS 1
| #define HAVE_LIBM 1
| #define __EXTENSIONS__ 1
| #define _ALL_SOURCE 1
| #define _GNU_SOURCE 1
| #define _POSIX_PTHREAD_SEMANTICS 1
| #define _TANDEM_SOURCE 1
| #define TIME_WITH_SYS_TIME 1
| #define HAVE_SYS_TIME_H 1
| #define HAVE_MACH_MACH_TIME_H 1
| /* end confdefs.h.  */
| 
| /* Override any GCC internal prototype to avoid an error.
|    Use char because int might match the return type of a GCC
|    builtin and then its argument prototype would still apply.  */
| #ifdef __cplusplus
| extern "C"
| #endif
| char omp_set_num_threads ();
| int
| main ()
| {
| return omp_set_num_threads ();
|   ;
|   return 0;
| }
configure:14735: gcc -o conftest -Wall -g -g -O2 -mtune=pentium2 -D_THREAD_SAFE  -openmp    -lm -lfftw3f conftest.c  -lm -lfftw3f >&5
ld: library not found for -lfftw3f
clang: error: linker command failed with exit code 1 (use -v to see invocation)
configure:14742: $? = 1
configure: failed program was:
| /* confdefs.h.  */
| #define PACKAGE_NAME ""
| #define PACKAGE_TARNAME ""
| #define PACKAGE_VERSION ""
| #define PACKAGE_STRING ""
| #define PACKAGE_BUGREPORT ""
| #define PACKAGE "mdcore"
| #define VERSION "VERSION"
| #define STDC_HEADERS 1
| #define HAVE_SYS_TYPES_H 1
| #define HAVE_SYS_STAT_H 1
| #define HAVE_STDLIB_H 1
| #define HAVE_STRING_H 1
| #define HAVE_MEMORY_H 1
| #define HAVE_STRINGS_H 1
| #define HAVE_INTTYPES_H 1
| #define HAVE_STDINT_H 1
| #define HAVE_UNISTD_H 1
| #define __EXTENSIONS__ 1
| #define _ALL_SOURCE 1
| #define _GNU_SOURCE 1
| #define _POSIX_PTHREAD_SEMANTICS 1
| #define _TANDEM_SOURCE 1
| #define HAVE_DLFCN_H 1
| #define LT_OBJDIR ".libs/"
| #define HAVE_POSIX_MEMALIGN 1
| #define HAVE_MMX /**/
| #define HAVE_SSE /**/
| #define HAVE_SSE2 /**/
| #define HAVE_SSE3 /**/
| #define HAVE_SSSE3 /**/
| #define HAVE_SSE41 /**/
| #define HAVE_SSE42 1
| #define HAVE_AVX /**/
| #define STDC_HEADERS 1
| #define HAVE_LIBM 1
| #define __EXTENSIONS__ 1
| #define _ALL_SOURCE 1
| #define _GNU_SOURCE 1
| #define _POSIX_PTHREAD_SEMANTICS 1
| #define _TANDEM_SOURCE 1
| #define TIME_WITH_SYS_TIME 1
| #define HAVE_SYS_TIME_H 1
| #define HAVE_MACH_MACH_TIME_H 1
| /* end confdefs.h.  */
| 
| /* Override any GCC internal prototype to avoid an error.
|    Use char because int might match the return type of a GCC
|    builtin and then its argument prototype would still apply.  */
| #ifdef __cplusplus
| extern "C"
| #endif
| char omp_set_num_threads ();
| int
| main ()
| {
| return omp_set_num_threads ();
|   ;
|   return 0;
| }
configure:14735: gcc -o conftest -Wall -g -g -O2 -mtune=pentium2 -D_THREAD_SAFE  -mp    -lm -lfftw3f conftest.c  -lm -lfftw3f >&5
clang: error: unknown argument: '-mp'
configure:14742: $? = 1
configure: failed program was:
| /* confdefs.h.  */
| #define PACKAGE_NAME ""
| #define PACKAGE_TARNAME ""
| #define PACKAGE_VERSION ""
| #define PACKAGE_STRING ""
| #define PACKAGE_BUGREPORT ""
| #define PACKAGE "mdcore"
| #define VERSION "VERSION"
| #define STDC_HEADERS 1
| #define HAVE_SYS_TYPES_H 1
| #define HAVE_SYS_STAT_H 1
| #define HAVE_STDLIB_H 1
| #define HAVE_STRING_H 1
| #define HAVE_MEMORY_H 1
| #define HAVE_STRINGS_H 1
| #define HAVE_INTTYPES_H 1
| #define HAVE_STDINT_H 1
| #define HAVE_UNISTD_H 1
| #define __EXTENSIONS__ 1
| #define _ALL_SOURCE 1
| #define _GNU_SOURCE 1
| #define _POSIX_PTHREAD_SEMANTICS 1
| #define _TANDEM_SOURCE 1
| #define HAVE_DLFCN_H 1
| #define LT_OBJDIR ".libs/"
| #define HAVE_POSIX_MEMALIGN 1
| #define HAVE_MMX /**/
| #define HAVE_SSE /**/
| #define HAVE_SSE2 /**/
| #define HAVE_SSE3 /**/
| #define HAVE_SSSE3 /**/
| #define HAVE_SSE41 /**/
| #define HAVE_SSE42 1
| #define HAVE_AVX /**/
| #define STDC_HEADERS 1
| #define HAVE_LIBM 1
| #define __EXTENSIONS__ 1
| #define _ALL_SOURCE 1
| #define _GNU_SOURCE 1
| #define _POSIX_PTHREAD_SEMANTICS 1
| #define _TANDEM_SOURCE 1
| #define TIME_WITH_SYS_TIME 1
| #define HAVE_SYS_TIME_H 1
| #define HAVE_MACH_MACH_TIME_H 1
| /* end confdefs.h.  */
| 
| /* Override any GCC internal prototype to avoid an error.
|    Use char because int might match the return type of a GCC
|    builtin and then its argument prototype would still apply.  */
| #ifdef __cplusplus
| extern "C"
| #endif
| char omp_set_num_threads ();
| int
| main ()
| {
| return omp_set_num_threads ();
|   ;
|   return 0;
| }
configure:14735: gcc -o conftest -Wall -g -g -O2 -mtune=pentium2 -D_THREAD_SAFE  -xopenmp    -lm -lfftw3f conftest.c  -lm -lfftw3f >&5
clang: error: language not recognized: 'openmp'
configure:14742: $? = 1
configure: failed program was:
| /* confdefs.h.  */
| #define PACKAGE_NAME ""
| #define PACKAGE_TARNAME ""
| #define PACKAGE_VERSION ""
| #define PACKAGE_STRING ""
| #define PACKAGE_BUGREPORT ""
| #define PACKAGE "mdcore"
| #define VERSION "VERSION"
| #define STDC_HEADERS 1
| #define HAVE_SYS_TYPES_H 1
| #define HAVE_SYS_STAT_H 1
| #define HAVE_STDLIB_H 1
| #define HAVE_STRING_H 1
| #define HAVE_MEMORY_H 1
| #define HAVE_STRINGS_H 1
| #define HAVE_INTTYPES_H 1
| #define HAVE_STDINT_H 1
| #define HAVE_UNISTD_H 1
| #define __EXTENSIONS__ 1
| #define _ALL_SOURCE 1
| #define _GNU_SOURCE 1
| #define _POSIX_PTHREAD_SEMANTICS 1
| #define _TANDEM_SOURCE 1
| #define HAVE_DLFCN_H 1
| #define LT_OBJDIR ".libs/"
| #define HAVE_POSIX_MEMALIGN 1
| #define HAVE_MMX /**/
| #define HAVE_SSE /**/
| #define HAVE_SSE2 /**/
| #define HAVE_SSE3 /**/
| #define HAVE_SSSE3 /**/
| #define HAVE_SSE41 /**/
| #define HAVE_SSE42 1
| #define HAVE_AVX /**/
| #define STDC_HEADERS 1
| #define HAVE_LIBM 1
| #define __EXTENSIONS__ 1
| #define _ALL_SOURCE 1
| #define _GNU_SOURCE 1
| #define _POSIX_PTHREAD_SEMANTICS 1
| #define _TANDEM_SOURCE 1
| #define TIME_WITH_SYS_TIME 1
| #define HAVE_SYS_TIME_H 1
| #define HAVE_MACH_MACH_TIME_H 1
| /* end confdefs.h.  */
| 
| /* Override any GCC internal prototype to avoid an error.
|    Use char because int might match the return type of a GCC
|    builtin and then its argument prototype would still apply.  */
| #ifdef __cplusplus
| extern "C"
| #endif
| char omp_set_num_threads ();
| int
| main ()
| {
| return omp_set_num_threads ();
|   ;
|   return 0;
| }
configure:14735: gcc -o conftest -Wall -g -g -O2 -mtune=pentium2 -D_THREAD_SAFE  -omp    -lm -lfftw3f conftest.c  -lm -lfftw3f >&5
ld: library not found for -lfftw3f
clang: error: linker command failed with exit code 1 (use -v to see invocation)
configure:14742: $? = 1
configure: failed program was:
| /* confdefs.h.  */
| #define PACKAGE_NAME ""
| #define PACKAGE_TARNAME ""
| #define PACKAGE_VERSION ""
| #define PACKAGE_STRING ""
| #define PACKAGE_BUGREPORT ""
| #define PACKAGE "mdcore"
| #define VERSION "VERSION"
| #define STDC_HEADERS 1
| #define HAVE_SYS_TYPES_H 1
| #define HAVE_SYS_STAT_H 1
| #define HAVE_STDLIB_H 1
| #define HAVE_STRING_H 1
| #define HAVE_MEMORY_H 1
| #define HAVE_STRINGS_H 1
| #define HAVE_INTTYPES_H 1
| #define HAVE_STDINT_H 1
| #define HAVE_UNISTD_H 1
| #define __EXTENSIONS__ 1
| #define _ALL_SOURCE 1
| #define _GNU_SOURCE 1
| #define _POSIX_PTHREAD_SEMANTICS 1
| #define _TANDEM_SOURCE 1
| #define HAVE_DLFCN_H 1
| #define LT_OBJDIR ".libs/"
| #define HAVE_POSIX_MEMALIGN 1
| #define HAVE_MMX /**/
| #define HAVE_SSE /**/
| #define HAVE_SSE2 /**/
| #define HAVE_SSE3 /**/
| #define HAVE_SSSE3 /**/
| #define HAVE_SSE41 /**/
| #define HAVE_SSE42 1
| #define HAVE_AVX /**/
| #define STDC_HEADERS 1
| #define HAVE_LIBM 1
| #define __EXTENSIONS__ 1
| #define _ALL_SOURCE 1
| #define _GNU_SOURCE 1
| #define _POSIX_PTHREAD_SEMANTICS 1
| #define _TANDEM_SOURCE 1
| #define TIME_WITH_SYS_TIME 1
| #define HAVE_SYS_TIME_H 1
| #define HAVE_MACH_MACH_TIME_H 1
| /* end confdefs.h.  */
| 
| /* Override any GCC internal prototype to avoid an error.
|    Use char because int might match the return type of a GCC
|    builtin and then its argument prototype would still apply.  */
| #ifdef __cplusplus
| extern "C"
| #endif
| char omp_set_num_threads ();
| int
| main ()
| {
| return omp_set_num_threads ();
|   ;
|   return 0;
| }
configure:14735: gcc -o conftest -Wall -g -g -O2 -mtune=pentium2 -D_THREAD_SAFE  -qsmp=omp    -lm -lfftw3f conftest.c  -lm -lfftw3f >&5
clang: error: unknown argument: '-qsmp=omp'
configure:14742: $? = 1
configure: failed program was:
| /* confdefs.h.  */
| #define PACKAGE_NAME ""
| #define PACKAGE_TARNAME ""
| #define PACKAGE_VERSION ""
| #define PACKAGE_STRING ""
| #define PACKAGE_BUGREPORT ""
| #define PACKAGE "mdcore"
| #define VERSION "VERSION"
| #define STDC_HEADERS 1
| #define HAVE_SYS_TYPES_H 1
| #define HAVE_SYS_STAT_H 1
| #define HAVE_STDLIB_H 1
| #define HAVE_STRING_H 1
| #define HAVE_MEMORY_H 1
| #define HAVE_STRINGS_H 1
| #define HAVE_INTTYPES_H 1
| #define HAVE_STDINT_H 1
| #define HAVE_UNISTD_H 1
| #define __EXTENSIONS__ 1
| #define _ALL_SOURCE 1
| #define _GNU_SOURCE 1
| #define _POSIX_PTHREAD_SEMANTICS 1
| #define _TANDEM_SOURCE 1
| #define HAVE_DLFCN_H 1
| #define LT_OBJDIR ".libs/"
| #define HAVE_POSIX_MEMALIGN 1
| #define HAVE_MMX /**/
| #define HAVE_SSE /**/
| #define HAVE_SSE2 /**/
| #define HAVE_SSE3 /**/
| #define HAVE_SSSE3 /**/
| #define HAVE_SSE41 /**/
| #define HAVE_SSE42 1
| #define HAVE_AVX /**/
| #define STDC_HEADERS 1
| #define HAVE_LIBM 1
| #define __EXTENSIONS__ 1
| #define _ALL_SOURCE 1
| #define _GNU_SOURCE 1
| #define _POSIX_PTHREAD_SEMANTICS 1
| #define _TANDEM_SOURCE 1
| #define TIME_WITH_SYS_TIME 1
| #define HAVE_SYS_TIME_H 1
| #define HAVE_MACH_MACH_TIME_H 1
| /* end confdefs.h.  */
| 
| /* Override any GCC internal prototype to avoid an error.
|    Use char because int might match the return type of a GCC
|    builtin and then its argument prototype would still apply.  */
| #ifdef __cplusplus
| extern "C"
| #endif
| char omp_set_num_threads ();
| int
| main ()
| {
| return omp_set_num_threads ();
|   ;
|   return 0;
| }
configure:14735: gcc -o conftest     -lm -lfftw3f conftest.c  -lm -lfftw3f >&5
ld: library not found for -lfftw3f
clang: error: linker command failed with exit code 1 (use -v to see invocation)
configure:14742: $? = 1
configure: failed program was:
| /* confdefs.h.  */
| #define PACKAGE_NAME ""
| #define PACKAGE_TARNAME ""
| #define PACKAGE_VERSION ""
| #define PACKAGE_STRING ""
| #define PACKAGE_BUGREPORT ""
| #define PACKAGE "mdcore"
| #define VERSION "VERSION"
| #define STDC_HEADERS 1
| #define HAVE_SYS_TYPES_H 1
| #define HAVE_SYS_STAT_H 1
| #define HAVE_STDLIB_H 1
| #define HAVE_STRING_H 1
| #define HAVE_MEMORY_H 1
| #define HAVE_STRINGS_H 1
| #define HAVE_INTTYPES_H 1
| #define HAVE_STDINT_H 1
| #define HAVE_UNISTD_H 1
| #define __EXTENSIONS__ 1
| #define _ALL_SOURCE 1
| #define _GNU_SOURCE 1
| #define _POSIX_PTHREAD_SEMANTICS 1
| #define _TANDEM_SOURCE 1
| #define HAVE_DLFCN_H 1
| #define LT_OBJDIR ".libs/"
| #define HAVE_POSIX_MEMALIGN 1
| #define HAVE_MMX /**/
| #define HAVE_SSE /**/
| #define HAVE_SSE2 /**/
| #define HAVE_SSE3 /**/
| #define HAVE_SSSE3 /**/
| #define HAVE_SSE41 /**/
| #define HAVE_SSE42 1
| #define HAVE_AVX /**/
| #define STDC_HEADERS 1
| #define HAVE_LIBM 1
| #define __EXTENSIONS__ 1
| #define _ALL_SOURCE 1
| #define _GNU_SOURCE 1
| #define _POSIX_PTHREAD_SEMANTICS 1
| #define _TANDEM_SOURCE 1
| #define TIME_WITH_SYS_TIME 1
| #define HAVE_SYS_TIME_H 1
| #define HAVE_MACH_MACH_TIME_H 1
| /* end confdefs.h.  */
| 
| /* Override any GCC internal prototype to avoid an error.
|    Use char because int might match the return type of a GCC
|    builtin and then its argument prototype would still apply.  */
| #ifdef __cplusplus
| extern "C"
| #endif
| char omp_set_num_threads ();
| int
| main ()
| {
| return omp_set_num_threads ();
|   ;
|   return 0;
| }
configure:14765: result: unknown
configure:15645: checking for fftwf_plan_dft_3d in -lfftw3f
configure:15680: gcc -o conftest -Wall -g -g -O2 -mtune=pentium2 -D_THREAD_SAFE     -lm -lfftw3f conftest.c -lfftw3f -lfftw3f  -lm -lfftw3f >&5
ld: library not found for -lfftw3f
clang: error: linker command failed with exit code 1 (use -v to see invocation)
configure:15687: $? = 1
configure: failed program was:
| /* confdefs.h.  */
| #define PACKAGE_NAME ""
| #define PACKAGE_TARNAME ""
| #define PACKAGE_VERSION ""
| #define PACKAGE_STRING ""
| #define PACKAGE_BUGREPORT ""
| #define PACKAGE "mdcore"
| #define VERSION "VERSION"
| #define STDC_HEADERS 1
| #define HAVE_SYS_TYPES_H 1
| #define HAVE_SYS_STAT_H 1
| #define HAVE_STDLIB_H 1
| #define HAVE_STRING_H 1
| #define HAVE_MEMORY_H 1
| #define HAVE_STRINGS_H 1
| #define HAVE_INTTYPES_H 1
| #define HAVE_STDINT_H 1
| #define HAVE_UNISTD_H 1
| #define __EXTENSIONS__ 1
| #define _ALL_SOURCE 1
| #define _GNU_SOURCE 1
| #define _POSIX_PTHREAD_SEMANTICS 1
| #define _TANDEM_SOURCE 1
| #define HAVE_DLFCN_H 1
| #define LT_OBJDIR ".libs/"
| #define HAVE_POSIX_MEMALIGN 1
| #define HAVE_MMX /**/
| #define HAVE_SSE /**/
| #define HAVE_SSE2 /**/
| #define HAVE_SSE3 /**/
| #define HAVE_SSSE3 /**/
| #define HAVE_SSE41 /**/
| #define HAVE_SSE42 1
| #define HAVE_AVX /**/
| #define STDC_HEADERS 1
| #define HAVE_LIBM 1
| #define __EXTENSIONS__ 1
| #define _ALL_SOURCE 1
| #define _GNU_SOURCE 1
| #define _POSIX_PTHREAD_SEMANTICS 1
| #define _TANDEM_SOURCE 1
| #define TIME_WITH_SYS_TIME 1
| #define HAVE_SYS_TIME_H 1
| #define HAVE_MACH_MACH_TIME_H 1
| /* end confdefs.h.  */
| 
| /* Override any GCC internal prototype to avoid an error.
|    Use char because int might match the return type of a GCC
|    builtin and then its argument prototype would still apply.  */
| #ifdef __cplusplus
| extern "C"
| #endif
| char fftwf_plan_dft_3d ();
| int
| main ()
| {
| return fftwf_plan_dft_3d ();
|   ;
|   return 0;
| }
configure:15708: result: no
configure:15718: error: something is wrong with the fftw3 library!

## ---------------- ##
## Cache variables. ##
## ---------------- ##

ac_cv_build=x86_64-apple-darwin16.3.0
ac_cv_c_compiler_gnu=yes
ac_cv_c_inline=inline
ac_cv_env_CC_set=set
ac_cv_env_CC_value=gcc
ac_cv_env_CFLAGS_set=
ac_cv_env_CFLAGS_value=
ac_cv_env_CPPFLAGS_set=
ac_cv_env_CPPFLAGS_value=
ac_cv_env_CPP_set=
ac_cv_env_CPP_value=
ac_cv_env_DOXYGEN_PAPER_SIZE_set=
ac_cv_env_DOXYGEN_PAPER_SIZE_value=
ac_cv_env_LDFLAGS_set=set
ac_cv_env_LDFLAGS_value=-L/usr/local/lib
ac_cv_env_LIBS_set=set
ac_cv_env_LIBS_value=-lfftw3f
ac_cv_env_MPICC_set=
ac_cv_env_MPICC_value=
ac_cv_env_build_alias_set=
ac_cv_env_build_alias_value=
ac_cv_env_host_alias_set=
ac_cv_env_host_alias_value=
ac_cv_env_target_alias_set=
ac_cv_env_target_alias_value=
ac_cv_func_clock_gettime=no
ac_cv_func_gethrtime=no
ac_cv_func_mach_absolute_time=no
ac_cv_func_pthread_setaffinity_np_=no
ac_cv_func_read_real_time=no
ac_cv_func_time_base_to_time=no
ac_cv_header_c_asm_h=no
ac_cv_header_dlfcn_h=yes
ac_cv_header_intrinsics_h=no
ac_cv_header_inttypes_h=yes
ac_cv_header_mach_mach_time_h=yes
ac_cv_header_memory_h=yes
ac_cv_header_minix_config_h=no
ac_cv_header_stdc=yes
ac_cv_header_stdint_h=yes
ac_cv_header_stdlib_h=yes
ac_cv_header_string_h=yes
ac_cv_header_strings_h=yes
ac_cv_header_sys_stat_h=yes
ac_cv_header_sys_time_h=yes
ac_cv_header_sys_types_h=yes
ac_cv_header_time=yes
ac_cv_header_unistd_h=yes
ac_cv_host=x86_64-apple-darwin16.3.0
ac_cv_lib_fftw3f_fftwf_plan_dft_3d=no
ac_cv_lib_m_sqrt=yes
ac_cv_objext=o
ac_cv_path_EGREP='/usr/bin/grep -E'
ac_cv_path_FGREP='/usr/bin/grep -F'
ac_cv_path_GREP=/usr/bin/grep
ac_cv_path_SED=/usr/bin/sed
ac_cv_path_install='/usr/local/bin/ginstall -c'
ac_cv_path_mkdir=/usr/local/bin/gmkdir
ac_cv_prog_AWK=awk
ac_cv_prog_CPP='gcc -E'
ac_cv_prog_ac_ct_AR=ar
ac_cv_prog_ac_ct_CC=gcc
ac_cv_prog_ac_ct_DSYMUTIL=dsymutil
ac_cv_prog_ac_ct_LIPO=lipo
ac_cv_prog_ac_ct_NMEDIT=nmedit
ac_cv_prog_ac_ct_OBJDUMP=objdump
ac_cv_prog_ac_ct_OTOOL=otool
ac_cv_prog_ac_ct_RANLIB=ranlib
ac_cv_prog_ac_ct_STRIP=strip
ac_cv_prog_cc_c89=
ac_cv_prog_cc_c99=
ac_cv_prog_cc_g=yes
ac_cv_prog_make_make_set=yes
ac_cv_safe_to_define___extensions__=yes
ac_cv_type_hrtime_t=no
am_cv_CC_dependencies_compiler_type=gcc3
ax_cv_c_flags__mtune_pentium2=yes
ax_cv_c_openmp=unknown
ax_cv_check_cflags___mavx=yes
ax_cv_check_cflags___mmmx=yes
ax_cv_check_cflags___msse2=yes
ax_cv_check_cflags___msse3=yes
ax_cv_check_cflags___msse4_1=yes
ax_cv_check_cflags___msse4_2=yes
ax_cv_check_cflags___msse=yes
ax_cv_check_cflags___mssse3=yes
ax_cv_func_posix_memalign_works=yes
ax_cv_gcc_archflag=-mtune=pentium2
ax_cv_gcc_x86_cpuid_0=d:756e6547:6c65746e:49656e69
ax_cv_gcc_x86_cpuid_0x00000001=40661:4100800:7ffafbff:bfebfbff
ax_cv_gcc_x86_cpuid_1=40661:2100800:7ffafbff:bfebfbff
ax_cv_have_avx_ext=yes
ax_cv_have_mmx_ext=yes
ax_cv_have_sse2_ext=yes
ax_cv_have_sse3_ext=yes
ax_cv_have_sse41_ext=yes
ax_cv_have_sse42_ext=yes
ax_cv_have_sse_ext=yes
ax_cv_have_ssse3_ext=yes
lt_cv_apple_cc_single_mod=yes
lt_cv_deplibs_check_method=pass_all
lt_cv_file_magic_cmd='$MAGIC_CMD'
lt_cv_file_magic_test_file=
lt_cv_ld_exported_symbols_list=yes
lt_cv_ld_reload_flag=-r
lt_cv_nm_interface='BSD nm'
lt_cv_objdir=.libs
lt_cv_path_LD=/Applications/Xcode.app/Contents/Developer/Toolchains/XcodeDefault.xctoolchain/usr/bin/ld
lt_cv_path_NM='/usr/bin/nm -B'
lt_cv_prog_compiler_c_o=yes
lt_cv_prog_compiler_pic_works=yes
lt_cv_prog_compiler_rtti_exceptions=yes
lt_cv_prog_compiler_static_works=no
lt_cv_prog_gnu_ld=no
lt_cv_sys_global_symbol_pipe='sed -n -e '\''s/^.*[	 ]\([BCDEGRST][BCDEGRST]*\)[	 ][	 ]*_\([_A-Za-z][_A-Za-z0-9]*\)$/\1 _\2 \2/p'\'''
lt_cv_sys_global_symbol_to_c_name_address='sed -n -e '\''s/^: \([^ ]*\) $/  {\"\1\", (void *) 0},/p'\'' -e '\''s/^[BCDEGRST]* \([^ ]*\) \([^ ]*\)$/  {"\2", (void *) \&\2},/p'\'''
lt_cv_sys_global_symbol_to_c_name_address_lib_prefix='sed -n -e '\''s/^: \([^ ]*\) $/  {\"\1\", (void *) 0},/p'\'' -e '\''s/^[BCDEGRST]* \([^ ]*\) \(lib[^ ]*\)$/  {"\2", (void *) \&\2},/p'\'' -e '\''s/^[BCDEGRST]* \([^ ]*\) \([^ ]*\)$/  {"lib\2", (void *) \&\2},/p'\'''
lt_cv_sys_global_symbol_to_cdecl='sed -n -e '\''s/^T .* \(.*\)$/extern int \1();/p'\'' -e '\''s/^[BCDEGRST]* .* \(.*\)$/extern char \1;/p'\'''
lt_cv_sys_max_cmd_len=196608

## ----------------- ##
## Output variables. ##
## ----------------- ##

ACLOCAL='${SHELL} /Users/andy/src/mdcore-0.1.7/missing --run aclocal-1.11'
AMDEPBACKSLASH='\'
AMDEP_FALSE='#'
AMDEP_TRUE=''
AMTAR='${SHELL} /Users/andy/src/mdcore-0.1.7/missing --run tar'
AR='ar'
AUTOCONF='${SHELL} /Users/andy/src/mdcore-0.1.7/missing --run autoconf'
AUTOHEADER='${SHELL} /Users/andy/src/mdcore-0.1.7/missing --run autoheader'
AUTOMAKE='${SHELL} /Users/andy/src/mdcore-0.1.7/missing --run automake-1.11'
AWK='awk'
CC='gcc'
CCDEPMODE='depmode=gcc3'
CELLTOP=''
CFLAGS='-Wall -g -g -O2 -mtune=pentium2 -D_THREAD_SAFE '
CPP='gcc -E'
CPPFLAGS=''
CUDA_CFLAGS=''
CUDA_LIBS=''
CYGPATH_W='echo'
DEFS=''
DEPDIR='.deps'
DOXYGEN_PAPER_SIZE=''
DSYMUTIL='dsymutil'
DUMPBIN=''
DX_COND_chi_FALSE=''
DX_COND_chi_TRUE=''
DX_COND_chm_FALSE=''
DX_COND_chm_TRUE=''
DX_COND_doc_FALSE=''
DX_COND_doc_TRUE=''
DX_COND_dot_FALSE=''
DX_COND_dot_TRUE=''
DX_COND_html_FALSE=''
DX_COND_html_TRUE=''
DX_COND_latex_FALSE=''
DX_COND_latex_TRUE=''
DX_COND_man_FALSE=''
DX_COND_man_TRUE=''
DX_COND_pdf_FALSE=''
DX_COND_pdf_TRUE=''
DX_COND_ps_FALSE=''
DX_COND_ps_TRUE=''
DX_COND_rtf_FALSE=''
DX_COND_rtf_TRUE=''
DX_COND_xml_FALSE=''
DX_COND_xml_TRUE=''
DX_CONFIG=''
DX_DOCDIR=''
DX_DOT=''
DX_DOXYGEN=''
DX_DVIPS=''
DX_EGREP=''
DX_ENV=''
DX_FLAG_chi=''
DX_FLAG_chm=''
DX_FLAG_doc=''
DX_FLAG_dot=''
DX_FLAG_html=''
DX_FLAG_man=''
DX_FLAG_pdf=''
DX_FLAG_ps=''
DX_FLAG_rtf=''
DX_FLAG_xml=''
DX_HHC=''
DX_LATEX=''
DX_MAKEINDEX=''
DX_PDFLATEX=''
DX_PERL=''
DX_PROJECT=''
ECHO_C='\c'
ECHO_N=''
ECHO_T=''
EGREP='/usr/bin/grep -E'
EXEEXT=''
FFTW3_LDFLAGS='-lfftw3f'
FGREP='/usr/bin/grep -F'
GREP='/usr/bin/grep'
HAVECELL_FALSE=''
HAVECELL_TRUE=''
HAVECUDA_FALSE=''
HAVECUDA_TRUE=''
HAVEFFTW3_FALSE=''
HAVEFFTW3_TRUE=''
HAVEMETIS_FALSE=''
HAVEMETIS_TRUE='#'
HAVEMPI_FALSE=''
HAVEMPI_TRUE='#'
INSTALL_DATA='${INSTALL} -m 644'
INSTALL_PROGRAM='${INSTALL}'
INSTALL_SCRIPT='${INSTALL}'
INSTALL_STRIP_PROGRAM='$(install_sh) -c -s'
LD='/Applications/Xcode.app/Contents/Developer/Toolchains/XcodeDefault.xctoolchain/usr/bin/ld'
LDFLAGS='  -lm -lfftw3f'
LIBOBJS=''
LIBS=' -lm -lfftw3f'
LIBTOOL='$(SHELL) $(top_builddir)/libtool'
LIPO='lipo'
LN_S='ln -s'
LTLIBOBJS=''
MAKEINFO='${SHELL} /Users/andy/src/mdcore-0.1.7/missing --run makeinfo'
METIS_LDFLAGS=''
MKDIR_P='/usr/local/bin/gmkdir -p'
MPICC=''
MPILIBS=''
NM='/usr/bin/nm -B'
NMEDIT='nmedit'
NVCC=''
OBJDUMP='objdump'
OBJEXT='o'
OPENMP_CFLAGS=''
OTOOL64=':'
OTOOL='otool'
PACKAGE='mdcore'
PACKAGE_BUGREPORT=''
PACKAGE_NAME=''
PACKAGE_STRING=''
PACKAGE_TARNAME=''
PACKAGE_VERSION=''
PATH_SEPARATOR=':'
PPUGCC=''
PRTDIAG=''
PTHREAD_CC='gcc'
PTHREAD_CFLAGS='-D_THREAD_SAFE '
PTHREAD_LIBS=''
RANLIB='ranlib'
SED='/usr/bin/sed'
SET_MAKE=''
SHELL='/bin/sh'
SIMD_FLAGS=' -mmmx -msse -msse2 -msse3 -mssse3 -msse4.1 -msse4.2 -mavx'
SPUGCC=''
STRIP='strip'
VERSION='VERSION'
ac_ct_CC='gcc'
ac_ct_DUMPBIN=''
acx_pthread_config=''
am__EXEEXT_FALSE=''
am__EXEEXT_TRUE=''
am__fastdepCC_FALSE='#'
am__fastdepCC_TRUE=''
am__include='include'
am__isrc=''
am__leading_dot='.'
am__quote=''
am__tar='${AMTAR} chof - "$$tardir"'
am__untar='${AMTAR} xf -'
bindir='${exec_prefix}/bin'
build='x86_64-apple-darwin16.3.0'
build_alias=''
build_cpu='x86_64'
build_os='darwin16.3.0'
build_vendor='apple'
datadir='${datarootdir}'
datarootdir='${prefix}/share'
docdir='${datarootdir}/doc/${PACKAGE}'
dvidir='${docdir}'
exec_prefix='NONE'
host='x86_64-apple-darwin16.3.0'
host_alias=''
host_cpu='x86_64'
host_os='darwin16.3.0'
host_vendor='apple'
htmldir='${docdir}'
includedir='${prefix}/include'
infodir='${datarootdir}/info'
install_sh='${SHELL} /Users/andy/src/mdcore-0.1.7/install-sh'
libdir='${exec_prefix}/lib'
libexecdir='${exec_prefix}/libexec'
localedir='${datarootdir}/locale'
localstatedir='${prefix}/var'
lt_ECHO='/bin/echo'
mandir='${datarootdir}/man'
mkdir_p='/usr/local/bin/gmkdir -p'
oldincludedir='/usr/include'
pdfdir='${docdir}'
prefix='/Users/andy/local'
program_transform_name='s,x,x,'
psdir='${docdir}'
sbindir='${exec_prefix}/sbin'
sharedstatedir='${prefix}/com'
sysconfdir='${prefix}/etc'
target_alias=''

## ----------- ##
## confdefs.h. ##
## ----------- ##

#define PACKAGE_NAME ""
#define PACKAGE_TARNAME ""
#define PACKAGE_VERSION ""
#define PACKAGE_STRING ""
#define PACKAGE_BUGREPORT ""
#define PACKAGE "mdcore"
#define VERSION "VERSION"
#define STDC_HEADERS 1
#define HAVE_SYS_TYPES_H 1
#define HAVE_SYS_STAT_H 1
#define HAVE_STDLIB_H 1
#define HAVE_STRING_H 1
#define HAVE_MEMORY_H 1
#define HAVE_STRINGS_H 1
#define HAVE_INTTYPES_H 1
#define HAVE_STDINT_H 1
#define HAVE_UNISTD_H 1
#define __EXTENSIONS__ 1
#define _ALL_SOURCE 1
#define _GNU_SOURCE 1
#define _POSIX_PTHREAD_SEMANTICS 1
#define _TANDEM_SOURCE 1
#define HAVE_DLFCN_H 1
#define LT_OBJDIR ".libs/"
#define HAVE_POSIX_MEMALIGN 1
#define HAVE_MMX /**/
#define HAVE_SSE /**/
#define HAVE_SSE2 /**/
#define HAVE_SSE3 /**/
#define HAVE_SSSE3 /**/
#define HAVE_SSE41 /**/
#define HAVE_SSE42 1
#define HAVE_AVX /**/
#define STDC_HEADERS 1
#define HAVE_LIBM 1
#define __EXTENSIONS__ 1
#define _ALL_SOURCE 1
#define _GNU_SOURCE 1
#define _POSIX_PTHREAD_SEMANTICS 1
#define _TANDEM_SOURCE 1
#define TIME_WITH_SYS_TIME 1
#define HAVE_SYS_TIME_H 1
#define HAVE_MACH_MACH_TIME_H 1

configure: exit 1
